W tensorflow/core/platform/cpu_feature_guard.cc:45] The TensorFlow library wasn't compiled to use SSE3 instructions, but these are available on your machine and could speed up CPU computations.
W tensorflow/core/platform/cpu_feature_guard.cc:45] The TensorFlow library wasn't compiled to use SSE4.1 instructions, but these are available on your machine and could speed up CPU computations.
W tensorflow/core/platform/cpu_feature_guard.cc:45] The TensorFlow library wasn't compiled to use SSE4.2 instructions, but these are available on your machine and could speed up CPU computations.
W tensorflow/core/platform/cpu_feature_guard.cc:45] The TensorFlow library wasn't compiled to use AVX instructions, but these are available on your machine and could speed up CPU computations.
W tensorflow/core/platform/cpu_feature_guard.cc:45] The TensorFlow library wasn't compiled to use AVX2 instructions, but these are available on your machine and could speed up CPU computations.
W tensorflow/core/platform/cpu_feature_guard.cc:45] The TensorFlow library wasn't compiled to use FMA instructions, but these are available on your machine and could speed up CPU computations.
Initialized RandomSearch of size 8 / 1
================================================================================
[1] Testing l2_penalty = 1e-05, lr = 0.001, loss_function = hinge, n_epochs = 50
================================================================================
[TTBB] dim=300 lr=0.001 l2=1e-05 ngram=2
[TTBB] Building model
[TTBB] Training model
[TTBB] #examples=5000  #epochs=50  batch size=256
[TTBB] Found dev set for training eval
[TTBB] Epoch 1 (25.99s)	Avg. loss = 0.003979	Dev acc. = 46.40%
[TTBB] Epoch 5 (72.46s)	Avg. loss = 0.003940	Dev acc. = 46.40%
[TTBB] Epoch 10 (125.21s)	Avg. loss = 0.003892	Dev acc. = 46.40%
[TTBB] Epoch 15 (177.64s)	Avg. loss = 0.003871	Dev acc. = 46.40%
[TTBB] Epoch 20 (227.21s)	Avg. loss = 0.003859	Dev acc. = 46.40%
[TTBB] Epoch 25 (274.41s)	Avg. loss = 0.003848	Dev acc. = 46.40%
[TTBB] Epoch 30 (325.03s)	Avg. loss = 0.003836	Dev acc. = 46.40%
[TTBB] Epoch 35 (372.89s)	Avg. loss = 0.003825	Dev acc. = 46.40%
[TTBB] Epoch 40 (420.18s)	Avg. loss = 0.003814	Dev acc. = 46.40%
[TTBB] Epoch 45 (469.82s)	Avg. loss = 0.003802	Dev acc. = 46.40%
[TTBB] Epoch 50 (515.71s)	Avg. loss = 0.003791	Dev acc. = 46.40%
[TTBB] Training done (515.71s)
[TTBB] Test set unknown token percentage: 0.00%
[TTBB] Accuracy: 46.40%
================================================================================
[2] Testing l2_penalty = 1e-05, lr = 0.005, loss_function = hinge, n_epochs = 50
================================================================================
[TTBB] dim=300 lr=0.005 l2=1e-05 ngram=2
[TTBB] Building model
[TTBB] Training model
[TTBB] #examples=5000  #epochs=50  batch size=256
[TTBB] Found dev set for training eval
[TTBB] Epoch 1 (23.17s)	Avg. loss = 0.003960	Dev acc. = 46.40%
[TTBB] Epoch 5 (63.35s)	Avg. loss = 0.003853	Dev acc. = 46.40%
[TTBB] Epoch 10 (112.04s)	Avg. loss = 0.003798	Dev acc. = 46.40%
[TTBB] Epoch 15 (163.56s)	Avg. loss = 0.003743	Dev acc. = 46.40%
[TTBB] Epoch 20 (212.84s)	Avg. loss = 0.003688	Dev acc. = 47.10%
[TTBB] Epoch 25 (264.98s)	Avg. loss = 0.003634	Dev acc. = 49.40%
[TTBB] Epoch 30 (314.17s)	Avg. loss = 0.003580	Dev acc. = 56.10%
[TTBB] Epoch 35 (362.78s)	Avg. loss = 0.003526	Dev acc. = 60.70%
[TTBB] Epoch 40 (412.54s)	Avg. loss = 0.003473	Dev acc. = 61.80%
[TTBB] Epoch 45 (460.68s)	Avg. loss = 0.003427	Dev acc. = 63.20%
[TTBB] Epoch 50 (508.89s)	Avg. loss = 0.003390	Dev acc. = 62.90%
[TTBB] Training done (508.89s)
[TTBB] Test set unknown token percentage: 0.00%
[TTBB] Accuracy: 62.90%
================================================================================
[3] Testing l2_penalty = 1e-05, lr = 0.1, loss_function = hinge, n_epochs = 50
================================================================================
[TTBB] dim=300 lr=0.1 l2=1e-05 ngram=2
[TTBB] Building model
[TTBB] Training model
[TTBB] #examples=5000  #epochs=50  batch size=256
[TTBB] Found dev set for training eval
[TTBB] Epoch 1 (25.74s)	Avg. loss = 0.003943	Dev acc. = 46.40%
[TTBB] Epoch 5 (66.61s)	Avg. loss = 0.003358	Dev acc. = 63.00%
[TTBB] Epoch 10 (113.89s)	Avg. loss = 0.003218	Dev acc. = 65.60%
[TTBB] Epoch 15 (160.70s)	Avg. loss = 0.003176	Dev acc. = 66.50%
[TTBB] Epoch 20 (209.90s)	Avg. loss = 0.003163	Dev acc. = 66.90%
[TTBB] Epoch 25 (259.65s)	Avg. loss = 0.003155	Dev acc. = 67.10%
[TTBB] Epoch 30 (306.47s)	Avg. loss = 0.003147	Dev acc. = 67.40%
[TTBB] Epoch 35 (359.36s)	Avg. loss = 0.003146	Dev acc. = 67.10%
[TTBB] Epoch 40 (408.84s)	Avg. loss = 0.003145	Dev acc. = 67.60%
[TTBB] Epoch 45 (456.75s)	Avg. loss = 0.003149	Dev acc. = 66.50%
[TTBB] Epoch 50 (504.96s)	Avg. loss = 0.003134	Dev acc. = 66.10%
[TTBB] Training done (504.96s)
[TTBB] Test set unknown token percentage: 0.00%
[TTBB] Accuracy: 66.10%
================================================================================
[4] Testing l2_penalty = 1.0, lr = 0.1, loss_function = hinge, n_epochs = 50
================================================================================
[TTBB] dim=300 lr=0.1 l2=1.0 ngram=2
[TTBB] Building model
[TTBB] Training model
[TTBB] #examples=5000  #epochs=50  batch size=256
[TTBB] Found dev set for training eval
[TTBB] Epoch 1 (28.69s)	Avg. loss = 0.005094	Dev acc. = 46.40%
[TTBB] Epoch 5 (71.16s)	Avg. loss = 0.003958	Dev acc. = 46.40%
[TTBB] Epoch 10 (120.27s)	Avg. loss = 0.003951	Dev acc. = 46.40%
[TTBB] Epoch 15 (173.37s)	Avg. loss = 0.003969	Dev acc. = 46.40%
[TTBB] Epoch 20 (222.59s)	Avg. loss = 0.003954	Dev acc. = 46.40%
[TTBB] Epoch 25 (273.13s)	Avg. loss = 0.003949	Dev acc. = 46.40%
[TTBB] Epoch 30 (324.69s)	Avg. loss = 0.003971	Dev acc. = 46.40%
[TTBB] Epoch 35 (374.93s)	Avg. loss = 0.003955	Dev acc. = 46.40%
[TTBB] Epoch 40 (427.66s)	Avg. loss = 0.003957	Dev acc. = 46.40%
[TTBB] Epoch 45 (476.41s)	Avg. loss = 0.003971	Dev acc. = 46.40%
[TTBB] Epoch 50 (529.97s)	Avg. loss = 0.003976	Dev acc. = 46.40%
[TTBB] Training done (529.97s)
[TTBB] Test set unknown token percentage: 0.00%
[TTBB] Accuracy: 46.40%
================================================================================
[5] Testing l2_penalty = 1.0, lr = 0.001, loss_function = hinge, n_epochs = 50
================================================================================
[TTBB] dim=300 lr=0.001 l2=1.0 ngram=2
[TTBB] Building model
[TTBB] Training model
[TTBB] #examples=5000  #epochs=50  batch size=256
[TTBB] Found dev set for training eval
[TTBB] Epoch 1 (27.36s)	Avg. loss = 0.008648	Dev acc. = 46.40%
[TTBB] Epoch 5 (71.21s)	Avg. loss = 0.005131	Dev acc. = 46.40%
[TTBB] Epoch 10 (127.94s)	Avg. loss = 0.004190	Dev acc. = 46.40%
[TTBB] Epoch 15 (181.50s)	Avg. loss = 0.004015	Dev acc. = 46.40%
[TTBB] Epoch 20 (237.46s)	Avg. loss = 0.003983	Dev acc. = 46.40%
[TTBB] Epoch 25 (292.89s)	Avg. loss = 0.003975	Dev acc. = 46.40%
[TTBB] Epoch 30 (349.24s)	Avg. loss = 0.003972	Dev acc. = 46.40%
[TTBB] Epoch 35 (404.41s)	Avg. loss = 0.003969	Dev acc. = 46.40%
[TTBB] Epoch 40 (457.70s)	Avg. loss = 0.003967	Dev acc. = 46.40%
[TTBB] Epoch 45 (510.66s)	Avg. loss = 0.003964	Dev acc. = 46.40%
[TTBB] Epoch 50 (566.54s)	Avg. loss = 0.003962	Dev acc. = 46.40%
[TTBB] Training done (566.54s)
[TTBB] Test set unknown token percentage: 0.00%
[TTBB] Accuracy: 46.40%
================================================================================
[6] Testing l2_penalty = 1.0, lr = 0.1, loss_function = hinge, n_epochs = 50
================================================================================
[TTBB] dim=300 lr=0.1 l2=1.0 ngram=2
[TTBB] Building model
[TTBB] Training model
[TTBB] #examples=5000  #epochs=50  batch size=256
[TTBB] Found dev set for training eval
[TTBB] Epoch 1 (27.24s)	Avg. loss = 0.005094	Dev acc. = 46.40%
[TTBB] Epoch 5 (77.63s)	Avg. loss = 0.003958	Dev acc. = 46.40%
[TTBB] Epoch 10 (133.16s)	Avg. loss = 0.003951	Dev acc. = 46.40%
[TTBB] Epoch 15 (186.70s)	Avg. loss = 0.003969	Dev acc. = 46.40%
[TTBB] Epoch 20 (239.07s)	Avg. loss = 0.003954	Dev acc. = 46.40%
[TTBB] Epoch 25 (293.43s)	Avg. loss = 0.003949	Dev acc. = 46.40%
[TTBB] Epoch 30 (349.82s)	Avg. loss = 0.003971	Dev acc. = 46.40%
[TTBB] Epoch 35 (406.09s)	Avg. loss = 0.003955	Dev acc. = 46.40%
[TTBB] Epoch 40 (463.24s)	Avg. loss = 0.003957	Dev acc. = 46.40%
[TTBB] Epoch 45 (518.81s)	Avg. loss = 0.003971	Dev acc. = 46.40%
[TTBB] Epoch 50 (571.95s)	Avg. loss = 0.003976	Dev acc. = 46.40%
[TTBB] Training done (571.95s)
[TTBB] Test set unknown token percentage: 0.00%
[TTBB] Accuracy: 46.40%
================================================================================
[7] Testing l2_penalty = 0.1, lr = 0.05, loss_function = log, n_epochs = 50
================================================================================
[TTBB] dim=300 lr=0.05 l2=0.1 ngram=2
[TTBB] Building model
[TTBB] Training model
[TTBB] #examples=5000  #epochs=50  batch size=256
[TTBB] Found dev set for training eval
[TTBB] Epoch 1 (25.49s)	Avg. loss = 0.690090	Dev acc. = 60.60%
[TTBB] Epoch 5 (73.93s)	Avg. loss = 0.679896	Dev acc. = 61.80%
[TTBB] Epoch 10 (113.97s)	Avg. loss = 0.679193	Dev acc. = 61.20%
[TTBB] Epoch 15 (148.47s)	Avg. loss = 0.679112	Dev acc. = 60.90%
[TTBB] Epoch 20 (187.76s)	Avg. loss = 0.679106	Dev acc. = 61.00%
[TTBB] Epoch 25 (227.96s)	Avg. loss = 0.679107	Dev acc. = 61.00%
[TTBB] Epoch 30 (282.03s)	Avg. loss = 0.679109	Dev acc. = 61.00%
[TTBB] Epoch 35 (342.81s)	Avg. loss = 0.679110	Dev acc. = 61.00%
[TTBB] Epoch 40 (399.68s)	Avg. loss = 0.679111	Dev acc. = 61.00%
[TTBB] Epoch 45 (458.08s)	Avg. loss = 0.679111	Dev acc. = 61.00%
[TTBB] Epoch 50 (513.24s)	Avg. loss = 0.679112	Dev acc. = 61.00%
[TTBB] Training done (513.24s)
[TTBB] Test set unknown token percentage: 0.00%
[TTBB] Accuracy: 61.00%
================================================================================
[8] Testing l2_penalty = 0.001, lr = 0.05, loss_function = hinge, n_epochs = 50
================================================================================
[TTBB] dim=300 lr=0.05 l2=0.001 ngram=2
[TTBB] Building model
[TTBB] Training model
[TTBB] #examples=5000  #epochs=50  batch size=256
[TTBB] Found dev set for training eval
[TTBB] Epoch 1 (51.51s)	Avg. loss = 0.003930	Dev acc. = 46.40%
[TTBB] Epoch 5 (106.47s)	Avg. loss = 0.003865	Dev acc. = 46.40%
[TTBB] Epoch 10 (175.97s)	Avg. loss = 0.003859	Dev acc. = 46.40%
[TTBB] Epoch 15 (245.08s)	Avg. loss = 0.003857	Dev acc. = 46.40%
[TTBB] Epoch 20 (312.28s)	Avg. loss = 0.003856	Dev acc. = 46.40%
[TTBB] Epoch 25 (376.63s)	Avg. loss = 0.003855	Dev acc. = 46.40%
[TTBB] Epoch 30 (448.99s)	Avg. loss = 0.003856	Dev acc. = 46.50%
[TTBB] Epoch 35 (506.05s)	Avg. loss = 0.003856	Dev acc. = 46.50%
[TTBB] Epoch 40 (546.97s)	Avg. loss = 0.003857	Dev acc. = 46.50%
[TTBB] Epoch 45 (600.57s)	Avg. loss = 0.003856	Dev acc. = 46.50%
[TTBB] Epoch 50 (660.10s)	Avg. loss = 0.003856	Dev acc. = 46.50%
[TTBB] Training done (660.10s)
[TTBB] Test set unknown token percentage: 0.00%
[TTBB] Accuracy: 46.50%
[TTBB] dim=300 lr=0.1 l2=1e-05 ngram=2
[TTBB] Building model
[TTBB] Training model
[TTBB] #examples=5000  #epochs=50  batch size=256
[TTBB] Found dev set for training eval
[TTBB] Epoch 1 (37.77s)	Avg. loss = 0.003943	Dev acc. = 46.40%
[TTBB] Epoch 5 (84.45s)	Avg. loss = 0.003358	Dev acc. = 63.00%
[TTBB] Epoch 10 (132.00s)	Avg. loss = 0.003218	Dev acc. = 65.60%
[TTBB] Epoch 15 (185.91s)	Avg. loss = 0.003176	Dev acc. = 66.50%
[TTBB] Epoch 20 (232.73s)	Avg. loss = 0.003163	Dev acc. = 66.90%
[TTBB] Epoch 25 (290.25s)	Avg. loss = 0.003155	Dev acc. = 67.10%
[TTBB] Epoch 30 (340.10s)	Avg. loss = 0.003147	Dev acc. = 67.40%
[TTBB] Epoch 35 (383.87s)	Avg. loss = 0.003146	Dev acc. = 67.10%
[TTBB] Epoch 40 (427.20s)	Avg. loss = 0.003145	Dev acc. = 67.60%
[TTBB] Epoch 45 (469.90s)	Avg. loss = 0.003149	Dev acc. = 66.50%
[TTBB] Epoch 50 (512.00s)	Avg. loss = 0.003134	Dev acc. = 66.10%
[TTBB] Training done (512.00s)
   l2_penalty     lr loss_function  n_epochs  Accuracy
2     0.00001  0.100         hinge        50     0.661
1     0.00001  0.005         hinge        50     0.629
6     0.10000  0.050           log        50     0.610
7     0.00100  0.050         hinge        50     0.465
0     0.00001  0.001         hinge        50     0.464
3     1.00000  0.100         hinge        50     0.464
4     1.00000  0.001         hinge        50     0.464
5     1.00000  0.100         hinge        50     0.464
[TTBB] Test set unknown token percentage: 0.00%
[TTBB] Accuracy: 66.66%
