W tensorflow/core/platform/cpu_feature_guard.cc:45] The TensorFlow library wasn't compiled to use SSE3 instructions, but these are available on your machine and could speed up CPU computations.
W tensorflow/core/platform/cpu_feature_guard.cc:45] The TensorFlow library wasn't compiled to use SSE4.1 instructions, but these are available on your machine and could speed up CPU computations.
W tensorflow/core/platform/cpu_feature_guard.cc:45] The TensorFlow library wasn't compiled to use SSE4.2 instructions, but these are available on your machine and could speed up CPU computations.
W tensorflow/core/platform/cpu_feature_guard.cc:45] The TensorFlow library wasn't compiled to use AVX instructions, but these are available on your machine and could speed up CPU computations.
W tensorflow/core/platform/cpu_feature_guard.cc:45] The TensorFlow library wasn't compiled to use AVX2 instructions, but these are available on your machine and could speed up CPU computations.
W tensorflow/core/platform/cpu_feature_guard.cc:45] The TensorFlow library wasn't compiled to use FMA instructions, but these are available on your machine and could speed up CPU computations.
Initialized RandomSearch of size 8 / 1
================================================================================
[1] Testing l2_penalty = 0.01, lr = 0.01, loss_function = hinge, n_epochs = 50
================================================================================
[TTBBTune] dim=300 lr=0.01 l2=0.01 ngram=2
[TTBBTune] Building model
[TTBBTune] Training model
[TTBBTune] #examples=5000  #epochs=50  batch size=256
[TTBBTune] Found dev set for training eval
[TTBBTune] Epoch 1 (146.98s)	Avg. loss = 0.003724	Dev acc. = 75.00%
[TTBBTune] Epoch 5 (543.01s)	Avg. loss = 0.000157	Dev acc. = 77.30%
[TTBBTune] Epoch 10 (1033.77s)	Avg. loss = 0.000099	Dev acc. = 77.60%
[TTBBTune] Epoch 15 (1528.07s)	Avg. loss = 0.000013	Dev acc. = 75.20%
[TTBBTune] Epoch 20 (2029.94s)	Avg. loss = 0.000001	Dev acc. = 77.00%
[TTBBTune] Epoch 25 (2539.35s)	Avg. loss = 0.000002	Dev acc. = 76.50%
[TTBBTune] Epoch 30 (3035.13s)	Avg. loss = 0.000008	Dev acc. = 76.30%
[TTBBTune] Epoch 35 (3491.85s)	Avg. loss = 0.000002	Dev acc. = 76.10%
[TTBBTune] Epoch 40 (3759.62s)	Avg. loss = 0.000001	Dev acc. = 77.50%
[TTBBTune] Epoch 45 (4113.17s)	Avg. loss = 0.000002	Dev acc. = 76.90%
[TTBBTune] Epoch 50 (4481.30s)	Avg. loss = 0.000002	Dev acc. = 77.00%
[TTBBTune] Training done (4481.30s)
[TTBBTune] Test set unknown token percentage: 0.00%
[TTBBTune] Accuracy: 77.00%
================================================================================
[2] Testing l2_penalty = 1e-05, lr = 0.01, loss_function = log, n_epochs = 50
================================================================================
[TTBBTune] dim=300 lr=0.01 l2=1e-05 ngram=2
[TTBBTune] Building model
[TTBBTune] Training model
[TTBBTune] #examples=5000  #epochs=50  batch size=256
[TTBBTune] Found dev set for training eval
[TTBBTune] Epoch 1 (94.42s)	Avg. loss = 0.644284	Dev acc. = 76.00%
[TTBBTune] Epoch 5 (394.41s)	Avg. loss = 0.003268	Dev acc. = 78.20%
[TTBBTune] Epoch 10 (778.88s)	Avg. loss = 0.000526	Dev acc. = 79.10%
[TTBBTune] Epoch 15 (1144.75s)	Avg. loss = 0.000317	Dev acc. = 79.00%
[TTBBTune] Epoch 20 (1510.72s)	Avg. loss = 0.000212	Dev acc. = 78.90%
[TTBBTune] Epoch 25 (1868.54s)	Avg. loss = 0.000153	Dev acc. = 79.10%
[TTBBTune] Epoch 30 (2286.80s)	Avg. loss = 0.000115	Dev acc. = 79.30%
[TTBBTune] Epoch 35 (2624.93s)	Avg. loss = 0.000090	Dev acc. = 79.20%
[TTBBTune] Epoch 40 (2868.32s)	Avg. loss = 0.000073	Dev acc. = 79.00%
[TTBBTune] Epoch 45 (3136.58s)	Avg. loss = 0.000060	Dev acc. = 79.00%
[TTBBTune] Epoch 50 (3424.47s)	Avg. loss = 0.000051	Dev acc. = 79.10%
[TTBBTune] Training done (3424.47s)
[TTBBTune] Test set unknown token percentage: 0.00%
[TTBBTune] Accuracy: 79.10%
================================================================================
[3] Testing l2_penalty = 0.001, lr = 0.001, loss_function = log, n_epochs = 50
================================================================================
[TTBBTune] dim=300 lr=0.001 l2=0.001 ngram=2
[TTBBTune] Building model
[TTBBTune] Training model
[TTBBTune] #examples=5000  #epochs=50  batch size=256
[TTBBTune] Found dev set for training eval
[TTBBTune] Epoch 1 (122.41s)	Avg. loss = 0.692245	Dev acc. = 51.30%
[TTBBTune] Epoch 5 (516.80s)	Avg. loss = 0.478640	Dev acc. = 74.00%
[TTBBTune] Epoch 10 (1026.62s)	Avg. loss = 0.016229	Dev acc. = 79.70%
[TTBBTune] Epoch 15 (1544.76s)	Avg. loss = 0.001203	Dev acc. = 79.80%
[TTBBTune] Epoch 20 (2087.23s)	Avg. loss = 0.000530	Dev acc. = 79.30%
[TTBBTune] Epoch 25 (2642.31s)	Avg. loss = 0.000318	Dev acc. = 79.20%
[TTBBTune] Epoch 30 (3184.94s)	Avg. loss = 0.000222	Dev acc. = 79.30%
[TTBBTune] Epoch 35 (3737.57s)	Avg. loss = 0.000170	Dev acc. = 79.20%
[TTBBTune] Epoch 40 (4209.15s)	Avg. loss = 0.000139	Dev acc. = 79.10%
[TTBBTune] Epoch 45 (4483.00s)	Avg. loss = 0.000118	Dev acc. = 79.00%
[TTBBTune] Epoch 50 (4816.07s)	Avg. loss = 0.000104	Dev acc. = 78.90%
[TTBBTune] Training done (4816.07s)
[TTBBTune] Test set unknown token percentage: 0.00%
[TTBBTune] Accuracy: 78.90%
================================================================================
[4] Testing l2_penalty = 1e-05, lr = 0.01, loss_function = log, n_epochs = 50
================================================================================
[TTBBTune] dim=300 lr=0.01 l2=1e-05 ngram=2
[TTBBTune] Building model
[TTBBTune] Training model
[TTBBTune] #examples=5000  #epochs=50  batch size=256
[TTBBTune] Found dev set for training eval
[TTBBTune] Epoch 1 (81.63s)	Avg. loss = 0.644284	Dev acc. = 76.00%
[TTBBTune] Epoch 5 (354.78s)	Avg. loss = 0.003268	Dev acc. = 78.20%
[TTBBTune] Epoch 10 (710.65s)	Avg. loss = 0.000526	Dev acc. = 79.10%
[TTBBTune] Epoch 15 (1053.50s)	Avg. loss = 0.000317	Dev acc. = 79.00%
[TTBBTune] Epoch 20 (1403.96s)	Avg. loss = 0.000212	Dev acc. = 78.90%
[TTBBTune] Epoch 25 (1774.04s)	Avg. loss = 0.000153	Dev acc. = 79.10%
[TTBBTune] Epoch 30 (1886.83s)	Avg. loss = 0.000115	Dev acc. = 79.30%
[TTBBTune] Epoch 35 (2005.80s)	Avg. loss = 0.000090	Dev acc. = 79.20%
[TTBBTune] Epoch 40 (2130.37s)	Avg. loss = 0.000073	Dev acc. = 79.00%
[TTBBTune] Epoch 45 (2258.18s)	Avg. loss = 0.000060	Dev acc. = 79.00%
[TTBBTune] Epoch 50 (2392.59s)	Avg. loss = 0.000051	Dev acc. = 79.10%
[TTBBTune] Training done (2392.59s)
[TTBBTune] Test set unknown token percentage: 0.00%
[TTBBTune] Accuracy: 79.10%
================================================================================
[5] Testing l2_penalty = 0.01, lr = 0.05, loss_function = hinge, n_epochs = 50
================================================================================
[TTBBTune] dim=300 lr=0.05 l2=0.01 ngram=2
[TTBBTune] Building model
[TTBBTune] Training model
[TTBBTune] #examples=5000  #epochs=50  batch size=256
[TTBBTune] Found dev set for training eval
[TTBBTune] Epoch 1 (34.96s)	Avg. loss = 0.002932	Dev acc. = 75.80%
[TTBBTune] Epoch 5 (152.53s)	Avg. loss = 0.000027	Dev acc. = 77.20%
[TTBBTune] Epoch 10 (304.32s)	Avg. loss = 0.000003	Dev acc. = 77.80%
[TTBBTune] Epoch 15 (454.95s)	Avg. loss = 0.000002	Dev acc. = 76.80%
[TTBBTune] Epoch 20 (642.71s)	Avg. loss = 0.000001	Dev acc. = 76.90%
[TTBBTune] Epoch 25 (779.02s)	Avg. loss = 0.000001	Dev acc. = 76.30%
[TTBBTune] Epoch 30 (945.36s)	Avg. loss = 0.000004	Dev acc. = 76.70%
[TTBBTune] Epoch 35 (1119.47s)	Avg. loss = 0.000002	Dev acc. = 76.10%
[TTBBTune] Epoch 40 (1350.36s)	Avg. loss = 0.000005	Dev acc. = 75.80%
[TTBBTune] Epoch 45 (1628.26s)	Avg. loss = 0.000002	Dev acc. = 75.90%
[TTBBTune] Epoch 50 (1891.22s)	Avg. loss = 0.000006	Dev acc. = 76.20%
[TTBBTune] Training done (1891.22s)
[TTBBTune] Test set unknown token percentage: 0.00%
[TTBBTune] Accuracy: 76.20%
================================================================================
[6] Testing l2_penalty = 0.001, lr = 0.1, loss_function = hinge, n_epochs = 50
================================================================================
[TTBBTune] dim=300 lr=0.1 l2=0.001 ngram=2
[TTBBTune] Building model
[TTBBTune] Training model
[TTBBTune] #examples=5000  #epochs=50  batch size=256
[TTBBTune] Found dev set for training eval
[TTBBTune] Epoch 1 (83.40s)	Avg. loss = 0.002814	Dev acc. = 76.80%
[TTBBTune] Epoch 5 (335.21s)	Avg. loss = 0.000024	Dev acc. = 79.00%
[TTBBTune] Epoch 10 (638.45s)	Avg. loss = 0.078000	Dev acc. = 44.70%
[TTBBTune] Epoch 15 (787.25s)	Avg. loss = 0.051421	Dev acc. = 51.60%
[TTBBTune] Epoch 20 (919.96s)	Avg. loss = 0.493306	Dev acc. = 57.10%
[TTBBTune] Epoch 25 (1063.08s)	Avg. loss = 0.000818	Dev acc. = 58.30%
[TTBBTune] Epoch 30 (1211.79s)	Avg. loss = 0.000687	Dev acc. = 58.60%
[TTBBTune] Epoch 35 (1361.96s)	Avg. loss = 0.000603	Dev acc. = 58.50%
[TTBBTune] Epoch 40 (1495.48s)	Avg. loss = 0.000571	Dev acc. = 58.60%
[TTBBTune] Epoch 45 (1601.42s)	Avg. loss = 0.000524	Dev acc. = 58.70%
[TTBBTune] Epoch 50 (1713.11s)	Avg. loss = 0.000509	Dev acc. = 58.50%
[TTBBTune] Training done (1713.12s)
[TTBBTune] Test set unknown token percentage: 0.00%
[TTBBTune] Accuracy: 58.50%
================================================================================
[7] Testing l2_penalty = 1.0, lr = 0.001, loss_function = hinge, n_epochs = 50
================================================================================
[TTBBTune] dim=300 lr=0.001 l2=1.0 ngram=2
[TTBBTune] Building model
[TTBBTune] Training model
[TTBBTune] #examples=5000  #epochs=50  batch size=256
[TTBBTune] Found dev set for training eval
[TTBBTune] Epoch 1 (23.05s)	Avg. loss = 0.008638	Dev acc. = 50.80%
[TTBBTune] Epoch 5 (86.22s)	Avg. loss = 0.004813	Dev acc. = 60.40%
[TTBBTune] Epoch 10 (143.23s)	Avg. loss = 0.000498	Dev acc. = 78.10%
[TTBBTune] Epoch 15 (196.74s)	Avg. loss = 0.000162	Dev acc. = 78.20%
[TTBBTune] Epoch 20 (244.66s)	Avg. loss = 0.000108	Dev acc. = 77.70%
[TTBBTune] Epoch 25 (302.22s)	Avg. loss = 0.000079	Dev acc. = 77.90%
[TTBBTune] Epoch 30 (363.53s)	Avg. loss = 0.000046	Dev acc. = 78.10%
[TTBBTune] Epoch 35 (424.43s)	Avg. loss = 0.000052	Dev acc. = 78.30%
[TTBBTune] Epoch 40 (486.38s)	Avg. loss = 0.000031	Dev acc. = 77.50%
[TTBBTune] Epoch 45 (548.94s)	Avg. loss = 0.000026	Dev acc. = 78.30%
[TTBBTune] Epoch 50 (611.45s)	Avg. loss = 0.000025	Dev acc. = 78.10%
[TTBBTune] Training done (611.45s)
[TTBBTune] Test set unknown token percentage: 0.00%
[TTBBTune] Accuracy: 78.10%
================================================================================
[8] Testing l2_penalty = 1.0, lr = 0.01, loss_function = log, n_epochs = 50
================================================================================
[TTBBTune] dim=300 lr=0.01 l2=1.0 ngram=2
[TTBBTune] Building model
[TTBBTune] Training model
[TTBBTune] #examples=5000  #epochs=50  batch size=256
[TTBBTune] Found dev set for training eval
[TTBBTune] Epoch 1 (18.69s)	Avg. loss = 0.664640	Dev acc. = 76.10%
[TTBBTune] Epoch 5 (72.85s)	Avg. loss = 0.095514	Dev acc. = 77.10%
[TTBBTune] Epoch 10 (144.81s)	Avg. loss = 0.043635	Dev acc. = 78.70%
[TTBBTune] Epoch 15 (216.88s)	Avg. loss = 0.034039	Dev acc. = 78.00%
[TTBBTune] Epoch 20 (277.92s)	Avg. loss = 0.028240	Dev acc. = 77.70%
[TTBBTune] Epoch 25 (356.10s)	Avg. loss = 0.024295	Dev acc. = 77.40%
[TTBBTune] Epoch 30 (438.30s)	Avg. loss = 0.021410	Dev acc. = 77.40%
[TTBBTune] Epoch 35 (520.86s)	Avg. loss = 0.019192	Dev acc. = 77.70%
[TTBBTune] Epoch 40 (603.06s)	Avg. loss = 0.017425	Dev acc. = 77.50%
[TTBBTune] Epoch 45 (685.26s)	Avg. loss = 0.015977	Dev acc. = 77.30%
[TTBBTune] Epoch 50 (767.17s)	Avg. loss = 0.014765	Dev acc. = 77.00%
[TTBBTune] Training done (767.17s)
[TTBBTune] Test set unknown token percentage: 0.00%
[TTBBTune] Accuracy: 77.00%
[TTBBTune] dim=300 lr=0.01 l2=1e-05 ngram=2
[TTBBTune] Building model
[TTBBTune] Training model
[TTBBTune] #examples=5000  #epochs=50  batch size=256
[TTBBTune] Found dev set for training eval
[TTBBTune] Epoch 1 (24.66s)	Avg. loss = 0.644284	Dev acc. = 76.00%
[TTBBTune] Epoch 5 (94.89s)	Avg. loss = 0.003268	Dev acc. = 78.20%
[TTBBTune] Epoch 10 (179.03s)	Avg. loss = 0.000526	Dev acc. = 79.10%
[TTBBTune] Epoch 15 (263.88s)	Avg. loss = 0.000317	Dev acc. = 79.00%
[TTBBTune] Epoch 20 (336.39s)	Avg. loss = 0.000212	Dev acc. = 78.90%
[TTBBTune] Epoch 25 (425.09s)	Avg. loss = 0.000153	Dev acc. = 79.10%
[TTBBTune] Epoch 30 (516.38s)	Avg. loss = 0.000115	Dev acc. = 79.30%
[TTBBTune] Epoch 35 (606.81s)	Avg. loss = 0.000090	Dev acc. = 79.20%
[TTBBTune] Epoch 40 (697.49s)	Avg. loss = 0.000073	Dev acc. = 79.00%
[TTBBTune] Epoch 45 (788.54s)	Avg. loss = 0.000060	Dev acc. = 79.00%
[TTBBTune] Epoch 50 (879.87s)	Avg. loss = 0.000051	Dev acc. = 79.10%
[TTBBTune] Training done (879.87s)
   l2_penalty     lr loss_function  n_epochs  Accuracy
1     0.00001  0.010           log        50     0.791
3     0.00001  0.010           log        50     0.791
2     0.00100  0.001           log        50     0.789
6     1.00000  0.001         hinge        50     0.781
0     0.01000  0.010         hinge        50     0.770
7     1.00000  0.010           log        50     0.770
4     0.01000  0.050         hinge        50     0.762
5     0.00100  0.100         hinge        50     0.585
[TTBBTune] Test set unknown token percentage: 0.00%
[TTBBTune] Accuracy: 76.92%
