W tensorflow/core/platform/cpu_feature_guard.cc:45] The TensorFlow library wasn't compiled to use SSE3 instructions, but these are available on your machine and could speed up CPU computations.
W tensorflow/core/platform/cpu_feature_guard.cc:45] The TensorFlow library wasn't compiled to use SSE4.1 instructions, but these are available on your machine and could speed up CPU computations.
W tensorflow/core/platform/cpu_feature_guard.cc:45] The TensorFlow library wasn't compiled to use SSE4.2 instructions, but these are available on your machine and could speed up CPU computations.
W tensorflow/core/platform/cpu_feature_guard.cc:45] The TensorFlow library wasn't compiled to use AVX instructions, but these are available on your machine and could speed up CPU computations.
W tensorflow/core/platform/cpu_feature_guard.cc:45] The TensorFlow library wasn't compiled to use AVX2 instructions, but these are available on your machine and could speed up CPU computations.
W tensorflow/core/platform/cpu_feature_guard.cc:45] The TensorFlow library wasn't compiled to use FMA instructions, but these are available on your machine and could speed up CPU computations.
Initialized RandomSearch of size 8 / 1
================================================================================
[1] Testing l2_penalty = 0.01, lr = 0.05, loss_function = hinge, n_epochs = 50
================================================================================
[TTBBTuneExact] dim=300 lr=0.05 l2=0.01 ngram=2
[TTBBTuneExact] Building model
[TTBBTuneExact] Training model
[TTBBTuneExact] #examples=5000  #epochs=50  batch size=256
[TTBBTuneExact] Found dev set for training eval
[TTBBTuneExact] Epoch 1 (12.80s)	Avg. loss = 0.004029	Dev acc. = 51.80%
[TTBBTuneExact] Epoch 5 (79.01s)	Avg. loss = 0.004181	Dev acc. = 41.90%
[TTBBTuneExact] Epoch 10 (263.11s)	Avg. loss = 0.003992	Dev acc. = 50.60%
[TTBBTuneExact] Epoch 15 (628.07s)	Avg. loss = 0.004388	Dev acc. = 45.70%
[TTBBTuneExact] Epoch 20 (1057.12s)	Avg. loss = 0.006548	Dev acc. = 47.50%
[TTBBTuneExact] Epoch 25 (1263.55s)	Avg. loss = 0.004200	Dev acc. = 52.00%
[TTBBTuneExact] Epoch 30 (1514.83s)	Avg. loss = 0.004115	Dev acc. = 49.70%
[TTBBTuneExact] Epoch 35 (1785.71s)	Avg. loss = 0.004565	Dev acc. = 46.40%
[TTBBTuneExact] Epoch 40 (2102.68s)	Avg. loss = 0.004107	Dev acc. = 50.10%
[TTBBTuneExact] Epoch 45 (2426.08s)	Avg. loss = 0.004259	Dev acc. = 47.30%
[TTBBTuneExact] Epoch 50 (2782.69s)	Avg. loss = 0.004085	Dev acc. = 51.60%
[TTBBTuneExact] Training done (2782.69s)
[TTBBTuneExact] Test set unknown token percentage: 0.00%
[TTBBTuneExact] Accuracy: 51.60%
================================================================================
[2] Testing l2_penalty = 0.001, lr = 0.05, loss_function = log, n_epochs = 50
================================================================================
[TTBBTuneExact] dim=300 lr=0.05 l2=0.001 ngram=2
[TTBBTuneExact] Building model
[TTBBTuneExact] Training model
[TTBBTuneExact] #examples=5000  #epochs=50  batch size=256
[TTBBTuneExact] Found dev set for training eval
[TTBBTuneExact] Epoch 1 (83.67s)	Avg. loss = 0.689340	Dev acc. = 50.90%
[TTBBTuneExact] Epoch 5 (361.66s)	Avg. loss = 0.719857	Dev acc. = 48.50%
[TTBBTuneExact] Epoch 10 (723.24s)	Avg. loss = 1.033091	Dev acc. = 50.30%
[TTBBTuneExact] Epoch 15 (1099.98s)	Avg. loss = 1.603155	Dev acc. = 52.60%
[TTBBTuneExact] Epoch 20 (1464.32s)	Avg. loss = 1.043165	Dev acc. = 50.60%
[TTBBTuneExact] Epoch 25 (1810.92s)	Avg. loss = 3.188267	Dev acc. = 51.90%
[TTBBTuneExact] Epoch 30 (2153.82s)	Avg. loss = 3.898912	Dev acc. = 49.80%
[TTBBTuneExact] Epoch 35 (2508.79s)	Avg. loss = 1.347382	Dev acc. = 45.30%
[TTBBTuneExact] Epoch 40 (2821.34s)	Avg. loss = 0.844374	Dev acc. = 51.10%
[TTBBTuneExact] Epoch 45 (3126.24s)	Avg. loss = 0.697110	Dev acc. = 51.30%
[TTBBTuneExact] Epoch 50 (3458.67s)	Avg. loss = 0.692046	Dev acc. = 53.00%
[TTBBTuneExact] Training done (3458.67s)
[TTBBTuneExact] Test set unknown token percentage: 0.00%
[TTBBTuneExact] Accuracy: 53.00%
================================================================================
[3] Testing l2_penalty = 1.0, lr = 0.001, loss_function = hinge, n_epochs = 50
================================================================================
[TTBBTuneExact] dim=300 lr=0.001 l2=1.0 ngram=2
[TTBBTuneExact] Building model
[TTBBTuneExact] Training model
[TTBBTuneExact] #examples=5000  #epochs=50  batch size=256
[TTBBTuneExact] Found dev set for training eval
[TTBBTuneExact] Epoch 1 (87.92s)	Avg. loss = 0.008666	Dev acc. = 49.50%
[TTBBTuneExact] Epoch 5 (369.38s)	Avg. loss = 0.005162	Dev acc. = 49.50%
[TTBBTuneExact] Epoch 10 (648.88s)	Avg. loss = 0.004220	Dev acc. = 49.50%
[TTBBTuneExact] Epoch 15 (804.81s)	Avg. loss = 0.004045	Dev acc. = 49.50%
[TTBBTuneExact] Epoch 20 (962.88s)	Avg. loss = 0.004013	Dev acc. = 49.50%
[TTBBTuneExact] Epoch 25 (1119.78s)	Avg. loss = 0.004006	Dev acc. = 49.50%
[TTBBTuneExact] Epoch 30 (1275.87s)	Avg. loss = 0.004003	Dev acc. = 49.50%
[TTBBTuneExact] Epoch 35 (1427.61s)	Avg. loss = 0.004000	Dev acc. = 50.50%
[TTBBTuneExact] Epoch 40 (1542.75s)	Avg. loss = 0.003998	Dev acc. = 50.50%
[TTBBTuneExact] Epoch 45 (1692.51s)	Avg. loss = 0.003996	Dev acc. = 50.50%
[TTBBTuneExact] Epoch 50 (1847.28s)	Avg. loss = 0.003994	Dev acc. = 50.50%
[TTBBTuneExact] Training done (1847.28s)
[TTBBTuneExact] Test set unknown token percentage: 0.00%
[TTBBTuneExact] Accuracy: 50.50%
================================================================================
[4] Testing l2_penalty = 1e-05, lr = 0.1, loss_function = hinge, n_epochs = 50
================================================================================
[TTBBTuneExact] dim=300 lr=0.1 l2=1e-05 ngram=2
[TTBBTuneExact] Building model
[TTBBTuneExact] Training model
[TTBBTuneExact] #examples=5000  #epochs=50  batch size=256
[TTBBTuneExact] Found dev set for training eval
[TTBBTuneExact] Epoch 1 (26.46s)	Avg. loss = 0.003868	Dev acc. = 50.80%
[TTBBTuneExact] Epoch 5 (145.90s)	Avg. loss = 0.007434	Dev acc. = 48.90%
[TTBBTuneExact] Epoch 10 (303.52s)	Avg. loss = 0.008734	Dev acc. = 52.10%
[TTBBTuneExact] Epoch 15 (451.50s)	Avg. loss = 0.019108	Dev acc. = 49.60%
[TTBBTuneExact] Epoch 20 (609.87s)	Avg. loss = 0.053234	Dev acc. = 44.10%
[TTBBTuneExact] Epoch 25 (766.79s)	Avg. loss = 0.040394	Dev acc. = 47.20%
[TTBBTuneExact] Epoch 30 (924.99s)	Avg. loss = 0.014106	Dev acc. = 49.50%
[TTBBTuneExact] Epoch 35 (1082.72s)	Avg. loss = 0.013043	Dev acc. = 50.90%
[TTBBTuneExact] Epoch 40 (1241.37s)	Avg. loss = 0.007004	Dev acc. = 49.60%
[TTBBTuneExact] Epoch 45 (1399.11s)	Avg. loss = 0.006374	Dev acc. = 53.60%
[TTBBTuneExact] Epoch 50 (1556.37s)	Avg. loss = 0.009420	Dev acc. = 52.30%
[TTBBTuneExact] Training done (1556.37s)
[TTBBTuneExact] Test set unknown token percentage: 0.00%
[TTBBTuneExact] Accuracy: 52.30%
================================================================================
[5] Testing l2_penalty = 1e-05, lr = 0.1, loss_function = log, n_epochs = 50
================================================================================
[TTBBTuneExact] dim=300 lr=0.1 l2=1e-05 ngram=2
[TTBBTuneExact] Building model
[TTBBTuneExact] Training model
[TTBBTuneExact] #examples=5000  #epochs=50  batch size=256
[TTBBTuneExact] Found dev set for training eval
[TTBBTuneExact] Epoch 1 (39.00s)	Avg. loss = 0.688772	Dev acc. = 51.70%
[TTBBTuneExact] Epoch 5 (165.17s)	Avg. loss = 1.406397	Dev acc. = 47.50%
[TTBBTuneExact] Epoch 10 (320.45s)	Avg. loss = 2.392314	Dev acc. = 49.70%
[TTBBTuneExact] Epoch 15 (475.37s)	Avg. loss = 4.057258	Dev acc. = 50.60%
[TTBBTuneExact] Epoch 20 (609.34s)	Avg. loss = 12.224609	Dev acc. = 53.90%
[TTBBTuneExact] Epoch 25 (763.75s)	Avg. loss = 3.389160	Dev acc. = 49.60%
[TTBBTuneExact] Epoch 30 (917.23s)	Avg. loss = 4.049465	Dev acc. = 49.80%
[TTBBTuneExact] Epoch 35 (1076.53s)	Avg. loss = 1.912999	Dev acc. = 53.90%
[TTBBTuneExact] Epoch 40 (1234.70s)	Avg. loss = 1.626983	Dev acc. = 46.90%
[TTBBTuneExact] Epoch 45 (1380.97s)	Avg. loss = 3.357819	Dev acc. = 50.30%
[TTBBTuneExact] Epoch 50 (1524.67s)	Avg. loss = 2.538645	Dev acc. = 47.80%
[TTBBTuneExact] Training done (1524.67s)
[TTBBTuneExact] Test set unknown token percentage: 0.00%
[TTBBTuneExact] Accuracy: 47.80%
================================================================================
[6] Testing l2_penalty = 0.01, lr = 0.001, loss_function = hinge, n_epochs = 50
================================================================================
[TTBBTuneExact] dim=300 lr=0.001 l2=0.01 ngram=2
[TTBBTuneExact] Building model
[TTBBTuneExact] Training model
[TTBBTuneExact] #examples=5000  #epochs=50  batch size=256
[TTBBTuneExact] Found dev set for training eval
[TTBBTuneExact] Epoch 1 (37.58s)	Avg. loss = 0.004049	Dev acc. = 49.50%
[TTBBTuneExact] Epoch 5 (155.05s)	Avg. loss = 0.004029	Dev acc. = 49.50%
[TTBBTuneExact] Epoch 10 (304.00s)	Avg. loss = 0.004015	Dev acc. = 49.50%
[TTBBTuneExact] Epoch 15 (434.12s)	Avg. loss = 0.004010	Dev acc. = 49.50%
[TTBBTuneExact] Epoch 20 (527.85s)	Avg. loss = 0.004007	Dev acc. = 49.50%
[TTBBTuneExact] Epoch 25 (639.43s)	Avg. loss = 0.004005	Dev acc. = 49.50%
[TTBBTuneExact] Epoch 30 (765.61s)	Avg. loss = 0.004002	Dev acc. = 49.50%
[TTBBTuneExact] Epoch 35 (882.22s)	Avg. loss = 0.004000	Dev acc. = 50.50%
[TTBBTuneExact] Epoch 40 (1333.97s)	Avg. loss = 0.003998	Dev acc. = 50.50%
[TTBBTuneExact] Epoch 45 (1804.46s)	Avg. loss = 0.003996	Dev acc. = 50.50%
[TTBBTuneExact] Epoch 50 (1989.37s)	Avg. loss = 0.003994	Dev acc. = 50.50%
[TTBBTuneExact] Training done (1989.37s)
[TTBBTuneExact] Test set unknown token percentage: 0.00%
[TTBBTuneExact] Accuracy: 50.50%
================================================================================
[7] Testing l2_penalty = 0.0001, lr = 0.05, loss_function = hinge, n_epochs = 50
================================================================================
[TTBBTuneExact] dim=300 lr=0.05 l2=0.0001 ngram=2
[TTBBTuneExact] Building model
[TTBBTuneExact] Training model
[TTBBTuneExact] #examples=5000  #epochs=50  batch size=256
[TTBBTuneExact] Found dev set for training eval
[TTBBTuneExact] Epoch 1 (36.00s)	Avg. loss = 0.003940	Dev acc. = 50.40%
[TTBBTuneExact] Epoch 5 (152.54s)	Avg. loss = 0.005249	Dev acc. = 47.40%
[TTBBTuneExact] Epoch 10 (291.75s)	Avg. loss = 0.004187	Dev acc. = 49.30%
[TTBBTuneExact] Epoch 15 (431.76s)	Avg. loss = 0.003947	Dev acc. = 52.20%
[TTBBTuneExact] Epoch 20 (574.02s)	Avg. loss = 0.003969	Dev acc. = 43.60%
[TTBBTuneExact] Epoch 25 (717.13s)	Avg. loss = 0.004029	Dev acc. = 44.10%
[TTBBTuneExact] Epoch 30 (860.80s)	Avg. loss = 0.004185	Dev acc. = 44.00%
[TTBBTuneExact] Epoch 35 (1005.59s)	Avg. loss = 0.004174	Dev acc. = 51.60%
[TTBBTuneExact] Epoch 40 (1146.10s)	Avg. loss = 0.006935	Dev acc. = 46.30%
[TTBBTuneExact] Epoch 45 (1292.65s)	Avg. loss = 0.004357	Dev acc. = 49.10%
[TTBBTuneExact] Epoch 50 (1437.74s)	Avg. loss = 0.004889	Dev acc. = 54.50%
[TTBBTuneExact] Training done (1437.74s)
[TTBBTuneExact] Test set unknown token percentage: 0.00%
[TTBBTuneExact] Accuracy: 54.50%
================================================================================
[8] Testing l2_penalty = 0.1, lr = 0.05, loss_function = hinge, n_epochs = 50
================================================================================
[TTBBTuneExact] dim=300 lr=0.05 l2=0.1 ngram=2
[TTBBTuneExact] Building model
[TTBBTuneExact] Training model
[TTBBTuneExact] #examples=5000  #epochs=50  batch size=256
[TTBBTuneExact] Found dev set for training eval
[TTBBTuneExact] Epoch 1 (36.49s)	Avg. loss = 0.004063	Dev acc. = 50.50%
[TTBBTuneExact] Epoch 5 (149.11s)	Avg. loss = 0.003985	Dev acc. = 50.80%
[TTBBTuneExact] Epoch 10 (291.93s)	Avg. loss = 0.004026	Dev acc. = 50.50%
[TTBBTuneExact] Epoch 15 (418.39s)	Avg. loss = 0.004060	Dev acc. = 52.20%
[TTBBTuneExact] Epoch 20 (566.43s)	Avg. loss = 0.004184	Dev acc. = 58.20%
[TTBBTuneExact] Epoch 25 (711.55s)	Avg. loss = 0.004116	Dev acc. = 49.90%
[TTBBTuneExact] Epoch 30 (859.43s)	Avg. loss = 0.004273	Dev acc. = 51.10%
[TTBBTuneExact] Epoch 35 (968.19s)	Avg. loss = 0.005084	Dev acc. = 46.10%
[TTBBTuneExact] Epoch 40 (1081.85s)	Avg. loss = 0.005178	Dev acc. = 45.00%
[TTBBTuneExact] Epoch 45 (1198.14s)	Avg. loss = 0.004465	Dev acc. = 47.20%
[TTBBTuneExact] Epoch 50 (1316.15s)	Avg. loss = 0.004017	Dev acc. = 52.50%
[TTBBTuneExact] Training done (1316.15s)
[TTBBTuneExact] Test set unknown token percentage: 0.00%
[TTBBTuneExact] Accuracy: 52.50%
[TTBBTuneExact] dim=300 lr=0.05 l2=0.0001 ngram=2
[TTBBTuneExact] Building model
[TTBBTuneExact] Training model
[TTBBTuneExact] #examples=5000  #epochs=50  batch size=256
[TTBBTuneExact] Found dev set for training eval
[TTBBTuneExact] Epoch 1 (32.65s)	Avg. loss = 0.003940	Dev acc. = 50.40%
[TTBBTuneExact] Epoch 5 (128.41s)	Avg. loss = 0.005249	Dev acc. = 47.40%
[TTBBTuneExact] Epoch 10 (242.98s)	Avg. loss = 0.004187	Dev acc. = 49.30%
[TTBBTuneExact] Epoch 15 (357.36s)	Avg. loss = 0.003947	Dev acc. = 52.20%
[TTBBTuneExact] Epoch 20 (476.62s)	Avg. loss = 0.003969	Dev acc. = 43.60%
[TTBBTuneExact] Epoch 25 (593.73s)	Avg. loss = 0.004029	Dev acc. = 44.10%
[TTBBTuneExact] Epoch 30 (710.78s)	Avg. loss = 0.004185	Dev acc. = 44.00%
[TTBBTuneExact] Epoch 35 (829.21s)	Avg. loss = 0.004174	Dev acc. = 51.60%
[TTBBTuneExact] Epoch 40 (921.16s)	Avg. loss = 0.006935	Dev acc. = 46.30%
[TTBBTuneExact] Epoch 45 (1041.83s)	Avg. loss = 0.004357	Dev acc. = 49.10%
[TTBBTuneExact] Epoch 50 (1164.84s)	Avg. loss = 0.004889	Dev acc. = 54.50%
[TTBBTuneExact] Training done (1164.84s)
   l2_penalty     lr loss_function  n_epochs  Accuracy
6     0.00010  0.050         hinge        50     0.545
1     0.00100  0.050           log        50     0.530
7     0.10000  0.050         hinge        50     0.525
3     0.00001  0.100         hinge        50     0.523
0     0.01000  0.050         hinge        50     0.516
2     1.00000  0.001         hinge        50     0.505
5     0.01000  0.001         hinge        50     0.505
4     0.00001  0.100           log        50     0.478
[TTBBTuneExact] Test set unknown token percentage: 0.00%
[TTBBTuneExact] Accuracy: 53.25%
