W tensorflow/core/platform/cpu_feature_guard.cc:45] The TensorFlow library wasn't compiled to use SSE3 instructions, but these are available on your machine and could speed up CPU computations.
W tensorflow/core/platform/cpu_feature_guard.cc:45] The TensorFlow library wasn't compiled to use SSE4.1 instructions, but these are available on your machine and could speed up CPU computations.
W tensorflow/core/platform/cpu_feature_guard.cc:45] The TensorFlow library wasn't compiled to use SSE4.2 instructions, but these are available on your machine and could speed up CPU computations.
W tensorflow/core/platform/cpu_feature_guard.cc:45] The TensorFlow library wasn't compiled to use AVX instructions, but these are available on your machine and could speed up CPU computations.
W tensorflow/core/platform/cpu_feature_guard.cc:45] The TensorFlow library wasn't compiled to use AVX2 instructions, but these are available on your machine and could speed up CPU computations.
W tensorflow/core/platform/cpu_feature_guard.cc:45] The TensorFlow library wasn't compiled to use FMA instructions, but these are available on your machine and could speed up CPU computations.
Initialized RandomSearch of size 8 / 1
================================================================================
[1] Testing l2_penalty = 0.001, lr = 0.01, loss_function = log, n_epochs = 50
================================================================================
[TTBBTune] dim=300 lr=0.01 l2=0.001 ngram=2
[TTBBTune] Building model
[TTBBTune] Training model
[TTBBTune] #examples=5000  #epochs=50  batch size=256
[TTBBTune] Found dev set for training eval
[TTBBTune] Epoch 1 (8.04s)	Avg. loss = 0.454076	Dev acc. = 97.10%
[TTBBTune] Epoch 5 (55.95s)	Avg. loss = 0.000541	Dev acc. = 97.90%
[TTBBTune] Epoch 10 (135.61s)	Avg. loss = 0.000231	Dev acc. = 98.20%
[TTBBTune] Epoch 15 (213.49s)	Avg. loss = 0.000145	Dev acc. = 98.40%
[TTBBTune] Epoch 20 (292.04s)	Avg. loss = 0.000121	Dev acc. = 98.30%
[TTBBTune] Epoch 25 (370.81s)	Avg. loss = 0.000112	Dev acc. = 98.30%
[TTBBTune] Epoch 30 (449.55s)	Avg. loss = 0.000107	Dev acc. = 98.30%
[TTBBTune] Epoch 35 (528.75s)	Avg. loss = 0.000104	Dev acc. = 98.30%
[TTBBTune] Epoch 40 (607.82s)	Avg. loss = 0.000102	Dev acc. = 98.30%
[TTBBTune] Epoch 45 (686.40s)	Avg. loss = 0.000100	Dev acc. = 98.30%
[TTBBTune] Epoch 50 (768.31s)	Avg. loss = 0.000098	Dev acc. = 98.40%
[TTBBTune] Training done (768.31s)
[TTBBTune] Test set unknown token percentage: 0.00%
[TTBBTune] Accuracy: 98.40%
================================================================================
[2] Testing l2_penalty = 1.0, lr = 0.001, loss_function = log, n_epochs = 50
================================================================================
[TTBBTune] dim=300 lr=0.001 l2=1.0 ngram=2
[TTBBTune] Building model
[TTBBTune] Training model
[TTBBTune] #examples=5000  #epochs=50  batch size=256
[TTBBTune] Found dev set for training eval
[TTBBTune] Epoch 1 (16.77s)	Avg. loss = 0.685184	Dev acc. = 67.70%
[TTBBTune] Epoch 5 (80.01s)	Avg. loss = 0.269782	Dev acc. = 96.80%
[TTBBTune] Epoch 10 (160.44s)	Avg. loss = 0.033447	Dev acc. = 98.00%
[TTBBTune] Epoch 15 (234.80s)	Avg. loss = 0.024269	Dev acc. = 98.00%
[TTBBTune] Epoch 20 (317.41s)	Avg. loss = 0.018191	Dev acc. = 98.00%
[TTBBTune] Epoch 25 (396.67s)	Avg. loss = 0.013284	Dev acc. = 98.10%
[TTBBTune] Epoch 30 (475.66s)	Avg. loss = 0.009513	Dev acc. = 98.10%
[TTBBTune] Epoch 35 (556.49s)	Avg. loss = 0.006743	Dev acc. = 98.10%
[TTBBTune] Epoch 40 (632.93s)	Avg. loss = 0.004781	Dev acc. = 98.10%
[TTBBTune] Epoch 45 (705.85s)	Avg. loss = 0.003428	Dev acc. = 98.10%
[TTBBTune] Epoch 50 (781.66s)	Avg. loss = 0.002512	Dev acc. = 98.10%
[TTBBTune] Training done (781.66s)
[TTBBTune] Test set unknown token percentage: 0.00%
[TTBBTune] Accuracy: 98.10%
================================================================================
[3] Testing l2_penalty = 0.01, lr = 0.1, loss_function = hinge, n_epochs = 50
================================================================================
[TTBBTune] dim=300 lr=0.1 l2=0.01 ngram=2
[TTBBTune] Building model
[TTBBTune] Training model
[TTBBTune] #examples=5000  #epochs=50  batch size=256
[TTBBTune] Found dev set for training eval
[TTBBTune] Epoch 1 (19.41s)	Avg. loss = 0.001947	Dev acc. = 96.40%
[TTBBTune] Epoch 5 (84.24s)	Avg. loss = 0.000009	Dev acc. = 96.50%
[TTBBTune] Epoch 10 (165.14s)	Avg. loss = 0.000001	Dev acc. = 96.70%
[TTBBTune] Epoch 15 (246.11s)	Avg. loss = 0.000003	Dev acc. = 96.20%
[TTBBTune] Epoch 20 (330.54s)	Avg. loss = 0.000002	Dev acc. = 97.20%
[TTBBTune] Epoch 25 (404.53s)	Avg. loss = 0.001759	Dev acc. = 96.00%
[TTBBTune] Epoch 30 (487.86s)	Avg. loss = 0.029804	Dev acc. = 96.10%
[TTBBTune] Epoch 35 (571.47s)	Avg. loss = 0.008072	Dev acc. = 95.80%
[TTBBTune] Epoch 40 (655.06s)	Avg. loss = 0.007928	Dev acc. = 95.80%
[TTBBTune] Epoch 45 (738.95s)	Avg. loss = 0.007773	Dev acc. = 95.80%
[TTBBTune] Epoch 50 (821.14s)	Avg. loss = 0.007609	Dev acc. = 95.80%
[TTBBTune] Training done (821.14s)
[TTBBTune] Test set unknown token percentage: 0.00%
[TTBBTune] Accuracy: 95.80%
================================================================================
[4] Testing l2_penalty = 0.001, lr = 0.01, loss_function = log, n_epochs = 50
================================================================================
[TTBBTune] dim=300 lr=0.01 l2=0.001 ngram=2
[TTBBTune] Building model
[TTBBTune] Training model
[TTBBTune] #examples=5000  #epochs=50  batch size=256
[TTBBTune] Found dev set for training eval
[TTBBTune] Epoch 1 (19.33s)	Avg. loss = 0.454076	Dev acc. = 97.10%
[TTBBTune] Epoch 5 (84.99s)	Avg. loss = 0.000541	Dev acc. = 97.90%
[TTBBTune] Epoch 10 (164.61s)	Avg. loss = 0.000231	Dev acc. = 98.20%
[TTBBTune] Epoch 15 (243.82s)	Avg. loss = 0.000145	Dev acc. = 98.40%
[TTBBTune] Epoch 20 (318.22s)	Avg. loss = 0.000121	Dev acc. = 98.30%
[TTBBTune] Epoch 25 (398.06s)	Avg. loss = 0.000112	Dev acc. = 98.30%
[TTBBTune] Epoch 30 (477.33s)	Avg. loss = 0.000107	Dev acc. = 98.30%
[TTBBTune] Epoch 35 (541.84s)	Avg. loss = 0.000104	Dev acc. = 98.30%
[TTBBTune] Epoch 40 (624.50s)	Avg. loss = 0.000102	Dev acc. = 98.30%
[TTBBTune] Epoch 45 (705.48s)	Avg. loss = 0.000100	Dev acc. = 98.30%
[TTBBTune] Epoch 50 (786.75s)	Avg. loss = 0.000098	Dev acc. = 98.40%
[TTBBTune] Training done (786.75s)
[TTBBTune] Test set unknown token percentage: 0.00%
[TTBBTune] Accuracy: 98.40%
================================================================================
[5] Testing l2_penalty = 0.0001, lr = 0.05, loss_function = hinge, n_epochs = 50
================================================================================
[TTBBTune] dim=300 lr=0.05 l2=0.0001 ngram=2
[TTBBTune] Building model
[TTBBTune] Training model
[TTBBTune] #examples=5000  #epochs=50  batch size=256
[TTBBTune] Found dev set for training eval
[TTBBTune] Epoch 1 (20.76s)	Avg. loss = 0.000967	Dev acc. = 97.60%
[TTBBTune] Epoch 5 (88.87s)	Avg. loss = 0.000011	Dev acc. = 97.00%
[TTBBTune] Epoch 10 (168.83s)	Avg. loss = 0.000008	Dev acc. = 97.00%
[TTBBTune] Epoch 15 (253.26s)	Avg. loss = 0.000005	Dev acc. = 97.10%
[TTBBTune] Epoch 20 (334.36s)	Avg. loss = 0.000006	Dev acc. = 97.10%
[TTBBTune] Epoch 25 (416.31s)	Avg. loss = 0.000004	Dev acc. = 97.20%
[TTBBTune] Epoch 30 (499.40s)	Avg. loss = 0.000002	Dev acc. = 97.70%
[TTBBTune] Epoch 35 (583.64s)	Avg. loss = 0.000002	Dev acc. = 97.80%
[TTBBTune] Epoch 40 (666.61s)	Avg. loss = 0.000002	Dev acc. = 98.10%
[TTBBTune] Epoch 45 (746.06s)	Avg. loss = 0.000001	Dev acc. = 97.80%
[TTBBTune] Epoch 50 (847.00s)	Avg. loss = 0.000001	Dev acc. = 98.00%
[TTBBTune] Training done (847.00s)
[TTBBTune] Test set unknown token percentage: 0.00%
[TTBBTune] Accuracy: 98.00%
================================================================================
[6] Testing l2_penalty = 1e-05, lr = 0.001, loss_function = log, n_epochs = 50
================================================================================
[TTBBTune] dim=300 lr=0.001 l2=1e-05 ngram=2
[TTBBTune] Building model
[TTBBTune] Training model
[TTBBTune] #examples=5000  #epochs=50  batch size=256
[TTBBTune] Found dev set for training eval
[TTBBTune] Epoch 1 (29.17s)	Avg. loss = 0.678934	Dev acc. = 71.20%
[TTBBTune] Epoch 5 (122.36s)	Avg. loss = 0.241096	Dev acc. = 96.80%
[TTBBTune] Epoch 10 (240.06s)	Avg. loss = 0.004408	Dev acc. = 98.10%
[TTBBTune] Epoch 15 (340.37s)	Avg. loss = 0.000665	Dev acc. = 98.00%
[TTBBTune] Epoch 20 (438.20s)	Avg. loss = 0.000285	Dev acc. = 98.00%
[TTBBTune] Epoch 25 (547.07s)	Avg. loss = 0.000161	Dev acc. = 98.10%
[TTBBTune] Epoch 30 (661.42s)	Avg. loss = 0.000104	Dev acc. = 98.10%
[TTBBTune] Epoch 35 (771.13s)	Avg. loss = 0.000073	Dev acc. = 98.10%
[TTBBTune] Epoch 40 (880.48s)	Avg. loss = 0.000054	Dev acc. = 98.10%
[TTBBTune] Epoch 45 (991.16s)	Avg. loss = 0.000041	Dev acc. = 98.10%
[TTBBTune] Epoch 50 (1099.18s)	Avg. loss = 0.000033	Dev acc. = 98.10%
[TTBBTune] Training done (1099.18s)
[TTBBTune] Test set unknown token percentage: 0.00%
[TTBBTune] Accuracy: 98.10%
================================================================================
[7] Testing l2_penalty = 0.0001, lr = 0.05, loss_function = log, n_epochs = 50
================================================================================
[TTBBTune] dim=300 lr=0.05 l2=0.0001 ngram=2
[TTBBTune] Building model
[TTBBTune] Training model
[TTBBTune] #examples=5000  #epochs=50  batch size=256
[TTBBTune] Found dev set for training eval
[TTBBTune] Epoch 1 (29.53s)	Avg. loss = 0.248116	Dev acc. = 97.90%
[TTBBTune] Epoch 5 (123.57s)	Avg. loss = 0.000020	Dev acc. = 97.40%
[TTBBTune] Epoch 10 (235.81s)	Avg. loss = 0.000019	Dev acc. = 97.40%
[TTBBTune] Epoch 15 (343.94s)	Avg. loss = 0.000019	Dev acc. = 97.40%
[TTBBTune] Epoch 20 (461.19s)	Avg. loss = 0.000019	Dev acc. = 97.40%
[TTBBTune] Epoch 25 (576.46s)	Avg. loss = 0.000019	Dev acc. = 97.40%
[TTBBTune] Epoch 30 (691.80s)	Avg. loss = 0.000019	Dev acc. = 97.40%
[TTBBTune] Epoch 35 (801.60s)	Avg. loss = 0.000019	Dev acc. = 97.40%
[TTBBTune] Epoch 40 (907.82s)	Avg. loss = 0.000019	Dev acc. = 97.40%
[TTBBTune] Epoch 45 (1012.65s)	Avg. loss = 0.000018	Dev acc. = 97.40%
[TTBBTune] Epoch 50 (1124.72s)	Avg. loss = 0.000018	Dev acc. = 97.40%
[TTBBTune] Training done (1124.72s)
[TTBBTune] Test set unknown token percentage: 0.00%
[TTBBTune] Accuracy: 97.40%
================================================================================
[8] Testing l2_penalty = 1.0, lr = 0.05, loss_function = hinge, n_epochs = 50
================================================================================
[TTBBTune] dim=300 lr=0.05 l2=1.0 ngram=2
[TTBBTune] Building model
[TTBBTune] Training model
[TTBBTune] #examples=5000  #epochs=50  batch size=256
[TTBBTune] Found dev set for training eval
[TTBBTune] Epoch 1 (25.80s)	Avg. loss = 0.002856	Dev acc. = 97.10%
[TTBBTune] Epoch 5 (119.95s)	Avg. loss = 0.017083	Dev acc. = 94.70%
[TTBBTune] Epoch 10 (238.77s)	Avg. loss = 0.000004	Dev acc. = 97.70%
[TTBBTune] Epoch 15 (357.58s)	Avg. loss = 0.000003	Dev acc. = 97.50%
[TTBBTune] Epoch 20 (437.78s)	Avg. loss = 0.000111	Dev acc. = 97.30%
[TTBBTune] Epoch 25 (521.42s)	Avg. loss = 0.003373	Dev acc. = 96.30%
[TTBBTune] Epoch 30 (619.15s)	Avg. loss = 0.000002	Dev acc. = 96.80%
[TTBBTune] Epoch 35 (704.79s)	Avg. loss = 0.000003	Dev acc. = 96.90%
[TTBBTune] Epoch 40 (806.34s)	Avg. loss = 0.000001	Dev acc. = 97.30%
[TTBBTune] Epoch 45 (906.18s)	Avg. loss = 0.000001	Dev acc. = 97.10%
[TTBBTune] Epoch 50 (1007.67s)	Avg. loss = 0.000002	Dev acc. = 97.30%
[TTBBTune] Training done (1007.67s)
[TTBBTune] Test set unknown token percentage: 0.00%
[TTBBTune] Accuracy: 97.30%
[TTBBTune] dim=300 lr=0.01 l2=0.001 ngram=2
[TTBBTune] Building model
[TTBBTune] Training model
[TTBBTune] #examples=5000  #epochs=50  batch size=256
[TTBBTune] Found dev set for training eval
[TTBBTune] Epoch 1 (27.40s)	Avg. loss = 0.454076	Dev acc. = 97.10%
[TTBBTune] Epoch 5 (102.58s)	Avg. loss = 0.000541	Dev acc. = 97.90%
[TTBBTune] Epoch 10 (196.43s)	Avg. loss = 0.000231	Dev acc. = 98.20%
[TTBBTune] Epoch 15 (294.16s)	Avg. loss = 0.000145	Dev acc. = 98.40%
[TTBBTune] Epoch 20 (382.05s)	Avg. loss = 0.000121	Dev acc. = 98.30%
[TTBBTune] Epoch 25 (484.92s)	Avg. loss = 0.000112	Dev acc. = 98.30%
[TTBBTune] Epoch 30 (547.49s)	Avg. loss = 0.000107	Dev acc. = 98.30%
[TTBBTune] Epoch 35 (603.21s)	Avg. loss = 0.000104	Dev acc. = 98.30%
[TTBBTune] Epoch 40 (663.66s)	Avg. loss = 0.000102	Dev acc. = 98.30%
[TTBBTune] Epoch 45 (727.96s)	Avg. loss = 0.000100	Dev acc. = 98.30%
[TTBBTune] Epoch 50 (798.11s)	Avg. loss = 0.000098	Dev acc. = 98.40%
[TTBBTune] Training done (798.11s)
   l2_penalty     lr loss_function  n_epochs  Accuracy
0     0.00100  0.010           log        50     0.984
3     0.00100  0.010           log        50     0.984
1     1.00000  0.001           log        50     0.981
5     0.00001  0.001           log        50     0.981
4     0.00010  0.050         hinge        50     0.980
6     0.00010  0.050           log        50     0.974
7     1.00000  0.050         hinge        50     0.973
2     0.01000  0.100         hinge        50     0.958
[TTBBTune] Test set unknown token percentage: 0.00%
[TTBBTune] Accuracy: 98.03%
