W tensorflow/core/platform/cpu_feature_guard.cc:45] The TensorFlow library wasn't compiled to use SSE3 instructions, but these are available on your machine and could speed up CPU computations.
W tensorflow/core/platform/cpu_feature_guard.cc:45] The TensorFlow library wasn't compiled to use SSE4.1 instructions, but these are available on your machine and could speed up CPU computations.
W tensorflow/core/platform/cpu_feature_guard.cc:45] The TensorFlow library wasn't compiled to use SSE4.2 instructions, but these are available on your machine and could speed up CPU computations.
W tensorflow/core/platform/cpu_feature_guard.cc:45] The TensorFlow library wasn't compiled to use AVX instructions, but these are available on your machine and could speed up CPU computations.
W tensorflow/core/platform/cpu_feature_guard.cc:45] The TensorFlow library wasn't compiled to use AVX2 instructions, but these are available on your machine and could speed up CPU computations.
W tensorflow/core/platform/cpu_feature_guard.cc:45] The TensorFlow library wasn't compiled to use FMA instructions, but these are available on your machine and could speed up CPU computations.
Initialized RandomSearch of size 8 / 1
================================================================================
[1] Testing l2_penalty = 10.0, lr = 0.1, loss_function = log, n_epochs = 50
================================================================================
[TTBB] dim=300 lr=0.1 l2=10.0 ngram=2
[TTBB] Building model
[TTBB] Training model
[TTBB] #examples=5000  #epochs=50  batch size=256
[TTBB] Found dev set for training eval
[TTBB] Epoch 1 (6.24s)	Avg. loss = 0.706975	Dev acc. = 50.80%
[TTBB] Epoch 5 (17.83s)	Avg. loss = 0.694491	Dev acc. = 50.80%
[TTBB] Epoch 10 (29.79s)	Avg. loss = 0.694928	Dev acc. = 60.50%
[TTBB] Epoch 15 (41.09s)	Avg. loss = 0.695027	Dev acc. = 53.40%
[TTBB] Epoch 20 (52.71s)	Avg. loss = 0.695062	Dev acc. = 50.40%
[TTBB] Epoch 25 (64.27s)	Avg. loss = 0.695080	Dev acc. = 50.30%
[TTBB] Epoch 30 (75.45s)	Avg. loss = 0.695089	Dev acc. = 49.80%
[TTBB] Epoch 35 (85.43s)	Avg. loss = 0.695093	Dev acc. = 49.70%
[TTBB] Epoch 40 (95.86s)	Avg. loss = 0.695096	Dev acc. = 49.70%
[TTBB] Epoch 45 (106.56s)	Avg. loss = 0.695097	Dev acc. = 49.70%
[TTBB] Epoch 50 (119.01s)	Avg. loss = 0.695097	Dev acc. = 49.70%
[TTBB] Training done (119.01s)
[TTBB] Test set unknown token percentage: 0.00%
[TTBB] Accuracy: 49.70%
================================================================================
[2] Testing l2_penalty = 0.0001, lr = 0.1, loss_function = hinge, n_epochs = 50
================================================================================
[TTBB] dim=300 lr=0.1 l2=0.0001 ngram=2
[TTBB] Building model
[TTBB] Training model
[TTBB] #examples=5000  #epochs=50  batch size=256
[TTBB] Found dev set for training eval
[TTBB] Epoch 1 (6.95s)	Avg. loss = 0.003946	Dev acc. = 62.10%
[TTBB] Epoch 5 (17.60s)	Avg. loss = 0.003515	Dev acc. = 58.80%
[TTBB] Epoch 10 (31.31s)	Avg. loss = 0.003390	Dev acc. = 69.60%
[TTBB] Epoch 15 (43.64s)	Avg. loss = 0.003366	Dev acc. = 70.80%
[TTBB] Epoch 20 (55.56s)	Avg. loss = 0.003359	Dev acc. = 68.80%
[TTBB] Epoch 25 (68.29s)	Avg. loss = 0.003354	Dev acc. = 69.10%
[TTBB] Epoch 30 (80.48s)	Avg. loss = 0.003353	Dev acc. = 71.20%
[TTBB] Epoch 35 (93.43s)	Avg. loss = 0.003351	Dev acc. = 69.20%
[TTBB] Epoch 40 (107.12s)	Avg. loss = 0.003350	Dev acc. = 69.10%
[TTBB] Epoch 45 (120.31s)	Avg. loss = 0.003350	Dev acc. = 69.00%
[TTBB] Epoch 50 (133.57s)	Avg. loss = 0.003350	Dev acc. = 69.30%
[TTBB] Training done (133.57s)
[TTBB] Test set unknown token percentage: 0.00%
[TTBB] Accuracy: 69.30%
================================================================================
[3] Testing l2_penalty = 1.0, lr = 0.001, loss_function = log, n_epochs = 50
================================================================================
[TTBB] dim=300 lr=0.001 l2=1.0 ngram=2
[TTBB] Building model
[TTBB] Training model
[TTBB] #examples=5000  #epochs=50  batch size=256
[TTBB] Found dev set for training eval
[TTBB] Epoch 1 (21.15s)	Avg. loss = 0.700960	Dev acc. = 50.80%
[TTBB] Epoch 5 (103.54s)	Avg. loss = 0.694898	Dev acc. = 50.80%
[TTBB] Epoch 10 (214.26s)	Avg. loss = 0.692917	Dev acc. = 51.10%
[TTBB] Epoch 15 (266.99s)	Avg. loss = 0.692177	Dev acc. = 51.30%
[TTBB] Epoch 20 (276.88s)	Avg. loss = 0.691891	Dev acc. = 51.50%
[TTBB] Epoch 25 (367.34s)	Avg. loss = 0.691776	Dev acc. = 51.50%
[TTBB] Epoch 30 (464.34s)	Avg. loss = 0.691729	Dev acc. = 51.70%
[TTBB] Epoch 35 (572.49s)	Avg. loss = 0.691708	Dev acc. = 51.60%
[TTBB] Epoch 40 (687.96s)	Avg. loss = 0.691699	Dev acc. = 51.80%
[TTBB] Epoch 45 (803.55s)	Avg. loss = 0.691694	Dev acc. = 51.80%
[TTBB] Epoch 50 (918.46s)	Avg. loss = 0.691691	Dev acc. = 51.80%
[TTBB] Training done (918.46s)
[TTBB] Test set unknown token percentage: 0.00%
[TTBB] Accuracy: 51.80%
================================================================================
[4] Testing l2_penalty = 0.001, lr = 0.01, loss_function = hinge, n_epochs = 50
================================================================================
[TTBB] dim=300 lr=0.01 l2=0.001 ngram=2
[TTBB] Building model
[TTBB] Training model
[TTBB] #examples=5000  #epochs=50  batch size=256
[TTBB] Found dev set for training eval
[TTBB] Epoch 1 (57.72s)	Avg. loss = 0.003986	Dev acc. = 50.80%
[TTBB] Epoch 5 (146.90s)	Avg. loss = 0.003923	Dev acc. = 50.80%
[TTBB] Epoch 10 (255.93s)	Avg. loss = 0.003908	Dev acc. = 50.80%
[TTBB] Epoch 15 (361.59s)	Avg. loss = 0.003904	Dev acc. = 50.80%
[TTBB] Epoch 20 (475.44s)	Avg. loss = 0.003901	Dev acc. = 50.80%
[TTBB] Epoch 25 (589.44s)	Avg. loss = 0.003900	Dev acc. = 50.80%
[TTBB] Epoch 30 (708.01s)	Avg. loss = 0.003899	Dev acc. = 50.80%
[TTBB] Epoch 35 (821.65s)	Avg. loss = 0.003897	Dev acc. = 50.80%
[TTBB] Epoch 40 (937.40s)	Avg. loss = 0.003897	Dev acc. = 50.80%
[TTBB] Epoch 45 (1053.88s)	Avg. loss = 0.003896	Dev acc. = 50.80%
[TTBB] Epoch 50 (1167.79s)	Avg. loss = 0.003896	Dev acc. = 50.80%
[TTBB] Training done (1167.79s)
[TTBB] Test set unknown token percentage: 0.00%
[TTBB] Accuracy: 50.80%
================================================================================
[5] Testing l2_penalty = 0.001, lr = 0.01, loss_function = log, n_epochs = 50
================================================================================
[TTBB] dim=300 lr=0.01 l2=0.001 ngram=2
[TTBB] Building model
[TTBB] Training model
[TTBB] #examples=5000  #epochs=50  batch size=256
[TTBB] Found dev set for training eval
[TTBB] Epoch 1 (58.53s)	Avg. loss = 0.692983	Dev acc. = 50.80%
[TTBB] Epoch 5 (156.97s)	Avg. loss = 0.679694	Dev acc. = 59.50%
[TTBB] Epoch 10 (276.85s)	Avg. loss = 0.665619	Dev acc. = 63.20%
[TTBB] Epoch 15 (397.22s)	Avg. loss = 0.653586	Dev acc. = 64.30%
[TTBB] Epoch 20 (514.77s)	Avg. loss = 0.643277	Dev acc. = 65.90%
[TTBB] Epoch 25 (638.24s)	Avg. loss = 0.634374	Dev acc. = 66.90%
[TTBB] Epoch 30 (763.32s)	Avg. loss = 0.626620	Dev acc. = 67.40%
[TTBB] Epoch 35 (875.01s)	Avg. loss = 0.619821	Dev acc. = 67.90%
[TTBB] Epoch 40 (989.24s)	Avg. loss = 0.613820	Dev acc. = 68.60%
[TTBB] Epoch 45 (1098.22s)	Avg. loss = 0.608498	Dev acc. = 68.80%
[TTBB] Epoch 50 (1206.70s)	Avg. loss = 0.603755	Dev acc. = 69.40%
[TTBB] Training done (1206.70s)
[TTBB] Test set unknown token percentage: 0.00%
[TTBB] Accuracy: 69.40%
================================================================================
[6] Testing l2_penalty = 10.0, lr = 0.05, loss_function = log, n_epochs = 50
================================================================================
[TTBB] dim=300 lr=0.05 l2=10.0 ngram=2
[TTBB] Building model
[TTBB] Training model
[TTBB] #examples=5000  #epochs=50  batch size=256
[TTBB] Found dev set for training eval
[TTBB] Epoch 1 (62.83s)	Avg. loss = 0.703533	Dev acc. = 50.80%
[TTBB] Epoch 5 (152.35s)	Avg. loss = 0.693719	Dev acc. = 50.80%
[TTBB] Epoch 10 (269.89s)	Avg. loss = 0.693694	Dev acc. = 50.80%
[TTBB] Epoch 15 (390.02s)	Avg. loss = 0.693657	Dev acc. = 50.80%
[TTBB] Epoch 20 (503.95s)	Avg. loss = 0.693647	Dev acc. = 50.80%
[TTBB] Epoch 25 (622.06s)	Avg. loss = 0.693648	Dev acc. = 50.80%
[TTBB] Epoch 30 (735.63s)	Avg. loss = 0.693653	Dev acc. = 50.80%
[TTBB] Epoch 35 (850.90s)	Avg. loss = 0.693658	Dev acc. = 50.80%
[TTBB] Epoch 40 (967.51s)	Avg. loss = 0.693663	Dev acc. = 50.80%
[TTBB] Epoch 45 (1075.98s)	Avg. loss = 0.693667	Dev acc. = 50.80%
[TTBB] Epoch 50 (1091.21s)	Avg. loss = 0.693670	Dev acc. = 50.80%
[TTBB] Training done (1091.21s)
[TTBB] Test set unknown token percentage: 0.00%
[TTBB] Accuracy: 50.80%
================================================================================
[7] Testing l2_penalty = 1e-05, lr = 0.01, loss_function = log, n_epochs = 50
================================================================================
[TTBB] dim=300 lr=0.01 l2=1e-05 ngram=2
[TTBB] Building model
[TTBB] Training model
[TTBB] #examples=5000  #epochs=50  batch size=256
[TTBB] Found dev set for training eval
[TTBB] Epoch 1 (5.09s)	Avg. loss = 0.692976	Dev acc. = 50.80%
[TTBB] Epoch 5 (13.54s)	Avg. loss = 0.679600	Dev acc. = 59.50%
[TTBB] Epoch 10 (23.24s)	Avg. loss = 0.665215	Dev acc. = 63.20%
[TTBB] Epoch 15 (31.70s)	Avg. loss = 0.652697	Dev acc. = 64.50%
[TTBB] Epoch 20 (38.76s)	Avg. loss = 0.641773	Dev acc. = 65.90%
[TTBB] Epoch 25 (45.76s)	Avg. loss = 0.632157	Dev acc. = 66.90%
[TTBB] Epoch 30 (53.55s)	Avg. loss = 0.623618	Dev acc. = 67.60%
[TTBB] Epoch 35 (61.23s)	Avg. loss = 0.615976	Dev acc. = 68.10%
[TTBB] Epoch 40 (68.26s)	Avg. loss = 0.609093	Dev acc. = 68.90%
[TTBB] Epoch 45 (75.79s)	Avg. loss = 0.602857	Dev acc. = 69.00%
[TTBB] Epoch 50 (83.50s)	Avg. loss = 0.597179	Dev acc. = 69.30%
[TTBB] Training done (83.50s)
[TTBB] Test set unknown token percentage: 0.00%
[TTBB] Accuracy: 69.30%
================================================================================
[8] Testing l2_penalty = 0.0001, lr = 0.01, loss_function = hinge, n_epochs = 50
================================================================================
[TTBB] dim=300 lr=0.01 l2=0.0001 ngram=2
[TTBB] Building model
[TTBB] Training model
[TTBB] #examples=5000  #epochs=50  batch size=256
[TTBB] Found dev set for training eval
[TTBB] Epoch 1 (33.28s)	Avg. loss = 0.003980	Dev acc. = 50.80%
[TTBB] Epoch 5 (41.99s)	Avg. loss = 0.003851	Dev acc. = 50.80%
[TTBB] Epoch 10 (54.41s)	Avg. loss = 0.003735	Dev acc. = 50.80%
[TTBB] Epoch 15 (66.17s)	Avg. loss = 0.003644	Dev acc. = 52.40%
[TTBB] Epoch 20 (78.18s)	Avg. loss = 0.003571	Dev acc. = 57.60%
[TTBB] Epoch 25 (87.38s)	Avg. loss = 0.003515	Dev acc. = 60.20%
[TTBB] Epoch 30 (95.95s)	Avg. loss = 0.003473	Dev acc. = 63.00%
[TTBB] Epoch 35 (105.16s)	Avg. loss = 0.003444	Dev acc. = 63.00%
[TTBB] Epoch 40 (112.37s)	Avg. loss = 0.003423	Dev acc. = 64.10%
[TTBB] Epoch 45 (119.11s)	Avg. loss = 0.003408	Dev acc. = 64.40%
[TTBB] Epoch 50 (125.83s)	Avg. loss = 0.003397	Dev acc. = 65.30%
[TTBB] Training done (125.83s)
[TTBB] Test set unknown token percentage: 0.00%
[TTBB] Accuracy: 65.30%
[TTBB] dim=300 lr=0.01 l2=0.001 ngram=2
[TTBB] Building model
[TTBB] Training model
[TTBB] #examples=5000  #epochs=50  batch size=256
[TTBB] Found dev set for training eval
[TTBB] Epoch 1 (4.62s)	Avg. loss = 0.692983	Dev acc. = 50.80%
[TTBB] Epoch 5 (10.57s)	Avg. loss = 0.679694	Dev acc. = 59.50%
[TTBB] Epoch 10 (16.92s)	Avg. loss = 0.665619	Dev acc. = 63.20%
[TTBB] Epoch 15 (23.47s)	Avg. loss = 0.653586	Dev acc. = 64.30%
[TTBB] Epoch 20 (30.55s)	Avg. loss = 0.643277	Dev acc. = 65.90%
[TTBB] Epoch 25 (36.57s)	Avg. loss = 0.634374	Dev acc. = 66.90%
[TTBB] Epoch 30 (42.91s)	Avg. loss = 0.626620	Dev acc. = 67.40%
[TTBB] Epoch 35 (49.71s)	Avg. loss = 0.619821	Dev acc. = 67.90%
[TTBB] Epoch 40 (56.65s)	Avg. loss = 0.613820	Dev acc. = 68.60%
[TTBB] Epoch 45 (63.30s)	Avg. loss = 0.608498	Dev acc. = 68.80%
[TTBB] Epoch 50 (70.24s)	Avg. loss = 0.603755	Dev acc. = 69.40%
[TTBB] Training done (70.24s)
   l2_penalty     lr loss_function  n_epochs  Accuracy
4     0.00100  0.010           log        50     0.694
1     0.00010  0.100         hinge        50     0.693
6     0.00001  0.010           log        50     0.693
7     0.00010  0.010         hinge        50     0.653
2     1.00000  0.001           log        50     0.518
3     0.00100  0.010         hinge        50     0.508
5    10.00000  0.050           log        50     0.508
0    10.00000  0.100           log        50     0.497
[TTBB] Test set unknown token percentage: 0.00%
[TTBB] Accuracy: 69.73%
