W tensorflow/core/platform/cpu_feature_guard.cc:45] The TensorFlow library wasn't compiled to use SSE3 instructions, but these are available on your machine and could speed up CPU computations.
W tensorflow/core/platform/cpu_feature_guard.cc:45] The TensorFlow library wasn't compiled to use SSE4.1 instructions, but these are available on your machine and could speed up CPU computations.
W tensorflow/core/platform/cpu_feature_guard.cc:45] The TensorFlow library wasn't compiled to use SSE4.2 instructions, but these are available on your machine and could speed up CPU computations.
W tensorflow/core/platform/cpu_feature_guard.cc:45] The TensorFlow library wasn't compiled to use AVX instructions, but these are available on your machine and could speed up CPU computations.
W tensorflow/core/platform/cpu_feature_guard.cc:45] The TensorFlow library wasn't compiled to use AVX2 instructions, but these are available on your machine and could speed up CPU computations.
W tensorflow/core/platform/cpu_feature_guard.cc:45] The TensorFlow library wasn't compiled to use FMA instructions, but these are available on your machine and could speed up CPU computations.
Initialized RandomSearch of size 8 / 1
================================================================================
[1] Testing l2_penalty = 0.01, lr = 0.001, loss_function = log, n_epochs = 50
================================================================================
[LinearModel] dim=300 lr=0.001 l2=0.01 ngram=2
[LinearModel] Building model
[LinearModel] Training model
[LinearModel] #examples=5000  #epochs=50  batch size=256
[LinearModel] Found dev set for training eval
[LinearModel] Epoch 1 (3.71s)	Avg. loss = 0.697089	Dev acc. = 49.50%
[LinearModel] Epoch 5 (8.80s)	Avg. loss = 0.690140	Dev acc. = 56.50%
[LinearModel] Epoch 10 (14.83s)	Avg. loss = 0.686513	Dev acc. = 62.60%
[LinearModel] Epoch 15 (21.38s)	Avg. loss = 0.682975	Dev acc. = 66.10%
[LinearModel] Epoch 20 (29.44s)	Avg. loss = 0.679570	Dev acc. = 66.30%
[LinearModel] Epoch 25 (36.49s)	Avg. loss = 0.676309	Dev acc. = 66.20%
[LinearModel] Epoch 30 (43.64s)	Avg. loss = 0.673192	Dev acc. = 66.90%
[LinearModel] Epoch 35 (50.45s)	Avg. loss = 0.670214	Dev acc. = 67.50%
[LinearModel] Epoch 40 (57.34s)	Avg. loss = 0.667371	Dev acc. = 68.10%
[LinearModel] Epoch 45 (64.17s)	Avg. loss = 0.664655	Dev acc. = 68.20%
[LinearModel] Epoch 50 (71.01s)	Avg. loss = 0.662060	Dev acc. = 67.80%
[LinearModel] Training done (71.01s)
[LinearModel] Test set unknown token percentage: 0.00%
[LinearModel] Accuracy: 67.80%
================================================================================
[2] Testing l2_penalty = 10.0, lr = 0.001, loss_function = log, n_epochs = 50
================================================================================
[LinearModel] dim=300 lr=0.001 l2=10.0 ngram=2
[LinearModel] Building model
[LinearModel] Training model
[LinearModel] #examples=5000  #epochs=50  batch size=256
[LinearModel] Found dev set for training eval
[LinearModel] Epoch 1 (4.22s)	Avg. loss = 0.746119	Dev acc. = 49.50%
[LinearModel] Epoch 5 (10.60s)	Avg. loss = 0.706791	Dev acc. = 49.50%
[LinearModel] Epoch 10 (16.40s)	Avg. loss = 0.695692	Dev acc. = 49.50%
[LinearModel] Epoch 15 (23.12s)	Avg. loss = 0.693384	Dev acc. = 53.00%
[LinearModel] Epoch 20 (28.31s)	Avg. loss = 0.692846	Dev acc. = 63.30%
[LinearModel] Epoch 25 (34.47s)	Avg. loss = 0.692686	Dev acc. = 53.00%
[LinearModel] Epoch 30 (40.70s)	Avg. loss = 0.692622	Dev acc. = 51.30%
[LinearModel] Epoch 35 (47.06s)	Avg. loss = 0.692592	Dev acc. = 50.70%
[LinearModel] Epoch 40 (54.40s)	Avg. loss = 0.692576	Dev acc. = 50.70%
[LinearModel] Epoch 45 (61.59s)	Avg. loss = 0.692568	Dev acc. = 50.60%
[LinearModel] Epoch 50 (67.75s)	Avg. loss = 0.692564	Dev acc. = 50.50%
[LinearModel] Training done (67.75s)
[LinearModel] Test set unknown token percentage: 0.00%
[LinearModel] Accuracy: 50.50%
================================================================================
[3] Testing l2_penalty = 0.001, lr = 0.1, loss_function = hinge, n_epochs = 50
================================================================================
[LinearModel] dim=300 lr=0.1 l2=0.001 ngram=2
[LinearModel] Building model
[LinearModel] Training model
[LinearModel] #examples=5000  #epochs=50  batch size=256
[LinearModel] Found dev set for training eval
[LinearModel] Epoch 1 (6.70s)	Avg. loss = 0.003878	Dev acc. = 53.80%
[LinearModel] Epoch 5 (12.58s)	Avg. loss = 0.003785	Dev acc. = 52.10%
[LinearModel] Epoch 10 (20.01s)	Avg. loss = 0.003776	Dev acc. = 52.80%
[LinearModel] Epoch 15 (28.39s)	Avg. loss = 0.003778	Dev acc. = 51.70%
[LinearModel] Epoch 20 (37.10s)	Avg. loss = 0.003780	Dev acc. = 51.60%
[LinearModel] Epoch 25 (44.76s)	Avg. loss = 0.003778	Dev acc. = 51.70%
[LinearModel] Epoch 30 (51.07s)	Avg. loss = 0.003782	Dev acc. = 50.70%
[LinearModel] Epoch 35 (58.20s)	Avg. loss = 0.003784	Dev acc. = 51.30%
[LinearModel] Epoch 40 (65.69s)	Avg. loss = 0.003784	Dev acc. = 51.10%
[LinearModel] Epoch 45 (72.61s)	Avg. loss = 0.003786	Dev acc. = 50.60%
[LinearModel] Epoch 50 (79.91s)	Avg. loss = 0.003790	Dev acc. = 50.20%
[LinearModel] Training done (79.91s)
[LinearModel] Test set unknown token percentage: 0.00%
[LinearModel] Accuracy: 50.20%
================================================================================
[4] Testing l2_penalty = 1e-05, lr = 0.05, loss_function = log, n_epochs = 50
================================================================================
[LinearModel] dim=300 lr=0.05 l2=1e-05 ngram=2
[LinearModel] Building model
[LinearModel] Training model
[LinearModel] #examples=5000  #epochs=50  batch size=256
[LinearModel] Found dev set for training eval
[LinearModel] Epoch 1 (4.85s)	Avg. loss = 0.683055	Dev acc. = 67.30%
[LinearModel] Epoch 5 (10.65s)	Avg. loss = 0.604840	Dev acc. = 70.40%
[LinearModel] Epoch 10 (18.36s)	Avg. loss = 0.561005	Dev acc. = 74.00%
[LinearModel] Epoch 15 (26.43s)	Avg. loss = 0.535029	Dev acc. = 75.00%
[LinearModel] Epoch 20 (34.08s)	Avg. loss = 0.517588	Dev acc. = 75.80%
[LinearModel] Epoch 25 (41.62s)	Avg. loss = 0.504990	Dev acc. = 76.20%
[LinearModel] Epoch 30 (49.69s)	Avg. loss = 0.495417	Dev acc. = 76.60%
[LinearModel] Epoch 35 (56.66s)	Avg. loss = 0.487866	Dev acc. = 77.10%
[LinearModel] Epoch 40 (62.75s)	Avg. loss = 0.481735	Dev acc. = 77.60%
[LinearModel] Epoch 45 (68.88s)	Avg. loss = 0.476643	Dev acc. = 77.90%
[LinearModel] Epoch 50 (76.07s)	Avg. loss = 0.472336	Dev acc. = 78.00%
[LinearModel] Training done (76.07s)
[LinearModel] Test set unknown token percentage: 0.00%
[LinearModel] Accuracy: 78.00%
================================================================================
[5] Testing l2_penalty = 10.0, lr = 0.1, loss_function = hinge, n_epochs = 50
================================================================================
[LinearModel] dim=300 lr=0.1 l2=10.0 ngram=2
[LinearModel] Building model
[LinearModel] Training model
[LinearModel] #examples=5000  #epochs=50  batch size=256
[LinearModel] Found dev set for training eval
[LinearModel] Epoch 1 (60.77s)	Avg. loss = 0.015264	Dev acc. = 50.50%
[LinearModel] Epoch 5 (141.60s)	Avg. loss = 0.003940	Dev acc. = 50.50%
[LinearModel] Epoch 10 (232.04s)	Avg. loss = 0.003940	Dev acc. = 50.50%
[LinearModel] Epoch 15 (244.28s)	Avg. loss = 0.003945	Dev acc. = 50.50%
[LinearModel] Epoch 20 (249.19s)	Avg. loss = 0.003944	Dev acc. = 50.50%
[LinearModel] Epoch 25 (278.65s)	Avg. loss = 0.003943	Dev acc. = 50.50%
[LinearModel] Epoch 30 (360.82s)	Avg. loss = 0.003945	Dev acc. = 50.50%
[LinearModel] Epoch 35 (435.47s)	Avg. loss = 0.003952	Dev acc. = 50.50%
[LinearModel] Epoch 40 (519.56s)	Avg. loss = 0.003952	Dev acc. = 50.50%
[LinearModel] Epoch 45 (606.74s)	Avg. loss = 0.003947	Dev acc. = 50.50%
[LinearModel] Epoch 50 (704.39s)	Avg. loss = 0.003951	Dev acc. = 50.50%
[LinearModel] Training done (704.39s)
[LinearModel] Test set unknown token percentage: 0.00%
[LinearModel] Accuracy: 50.50%
================================================================================
[6] Testing l2_penalty = 1.0, lr = 0.001, loss_function = hinge, n_epochs = 50
================================================================================
[LinearModel] dim=300 lr=0.001 l2=1.0 ngram=2
[LinearModel] Building model
[LinearModel] Training model
[LinearModel] #examples=5000  #epochs=50  batch size=256
[LinearModel] Found dev set for training eval
[LinearModel] Epoch 1 (66.71s)	Avg. loss = 0.008681	Dev acc. = 49.50%
[LinearModel] Epoch 5 (143.14s)	Avg. loss = 0.005165	Dev acc. = 49.50%
[LinearModel] Epoch 10 (240.30s)	Avg. loss = 0.004221	Dev acc. = 49.50%
[LinearModel] Epoch 15 (336.76s)	Avg. loss = 0.004045	Dev acc. = 49.50%
[LinearModel] Epoch 20 (421.74s)	Avg. loss = 0.004013	Dev acc. = 49.50%
[LinearModel] Epoch 25 (511.75s)	Avg. loss = 0.004005	Dev acc. = 49.50%
[LinearModel] Epoch 30 (596.07s)	Avg. loss = 0.004002	Dev acc. = 49.50%
[LinearModel] Epoch 35 (683.82s)	Avg. loss = 0.004000	Dev acc. = 50.50%
[LinearModel] Epoch 40 (781.50s)	Avg. loss = 0.003998	Dev acc. = 50.50%
[LinearModel] Epoch 45 (880.90s)	Avg. loss = 0.003995	Dev acc. = 50.50%
[LinearModel] Epoch 50 (975.77s)	Avg. loss = 0.003993	Dev acc. = 50.50%
[LinearModel] Training done (975.77s)
[LinearModel] Test set unknown token percentage: 0.00%
[LinearModel] Accuracy: 50.50%
================================================================================
[7] Testing l2_penalty = 0.0001, lr = 0.001, loss_function = hinge, n_epochs = 50
================================================================================
[LinearModel] dim=300 lr=0.001 l2=0.0001 ngram=2
[LinearModel] Building model
[LinearModel] Training model
[LinearModel] #examples=5000  #epochs=50  batch size=256
[LinearModel] Found dev set for training eval
[LinearModel] Epoch 1 (64.82s)	Avg. loss = 0.004011	Dev acc. = 49.50%
[LinearModel] Epoch 5 (142.49s)	Avg. loss = 0.003971	Dev acc. = 57.50%
[LinearModel] Epoch 10 (232.07s)	Avg. loss = 0.003924	Dev acc. = 50.50%
[LinearModel] Epoch 15 (331.68s)	Avg. loss = 0.003876	Dev acc. = 50.50%
[LinearModel] Epoch 20 (422.85s)	Avg. loss = 0.003830	Dev acc. = 50.50%
[LinearModel] Epoch 25 (495.23s)	Avg. loss = 0.003793	Dev acc. = 50.50%
[LinearModel] Epoch 30 (592.13s)	Avg. loss = 0.003770	Dev acc. = 50.50%
[LinearModel] Epoch 35 (691.60s)	Avg. loss = 0.003746	Dev acc. = 50.50%
[LinearModel] Epoch 40 (790.61s)	Avg. loss = 0.003723	Dev acc. = 50.50%
[LinearModel] Epoch 45 (887.08s)	Avg. loss = 0.003700	Dev acc. = 50.50%
[LinearModel] Epoch 50 (981.21s)	Avg. loss = 0.003678	Dev acc. = 50.80%
[LinearModel] Training done (981.21s)
[LinearModel] Test set unknown token percentage: 0.00%
[LinearModel] Accuracy: 50.80%
================================================================================
[8] Testing l2_penalty = 0.001, lr = 0.01, loss_function = log, n_epochs = 50
================================================================================
[LinearModel] dim=300 lr=0.01 l2=0.001 ngram=2
[LinearModel] Building model
[LinearModel] Training model
[LinearModel] #examples=5000  #epochs=50  batch size=256
[LinearModel] Found dev set for training eval
[LinearModel] Epoch 1 (64.02s)	Avg. loss = 0.692273	Dev acc. = 49.50%
[LinearModel] Epoch 5 (149.87s)	Avg. loss = 0.667186	Dev acc. = 67.10%
[LinearModel] Epoch 10 (250.24s)	Avg. loss = 0.644076	Dev acc. = 68.10%
[LinearModel] Epoch 15 (337.89s)	Avg. loss = 0.626598	Dev acc. = 68.90%
[LinearModel] Epoch 20 (428.37s)	Avg. loss = 0.612741	Dev acc. = 69.70%
[LinearModel] Epoch 25 (517.83s)	Avg. loss = 0.601319	Dev acc. = 70.80%
[LinearModel] Epoch 30 (597.47s)	Avg. loss = 0.591644	Dev acc. = 71.50%
[LinearModel] Epoch 35 (684.38s)	Avg. loss = 0.583297	Dev acc. = 72.20%
[LinearModel] Epoch 40 (776.12s)	Avg. loss = 0.576000	Dev acc. = 73.10%
[LinearModel] Epoch 45 (878.60s)	Avg. loss = 0.569563	Dev acc. = 73.60%
[LinearModel] Epoch 50 (963.96s)	Avg. loss = 0.563840	Dev acc. = 73.80%
[LinearModel] Training done (963.96s)
[LinearModel] Test set unknown token percentage: 0.00%
[LinearModel] Accuracy: 73.80%
[LinearModel] dim=300 lr=0.05 l2=1e-05 ngram=2
[LinearModel] Building model
[LinearModel] Training model
[LinearModel] #examples=5000  #epochs=50  batch size=256
[LinearModel] Found dev set for training eval
[LinearModel] Epoch 1 (57.83s)	Avg. loss = 0.683055	Dev acc. = 67.30%
[LinearModel] Epoch 5 (135.77s)	Avg. loss = 0.604840	Dev acc. = 70.40%
[LinearModel] Epoch 10 (229.94s)	Avg. loss = 0.561005	Dev acc. = 74.00%
[LinearModel] Epoch 15 (322.28s)	Avg. loss = 0.535029	Dev acc. = 75.00%
[LinearModel] Epoch 20 (413.11s)	Avg. loss = 0.517588	Dev acc. = 75.80%
[LinearModel] Epoch 25 (499.89s)	Avg. loss = 0.504990	Dev acc. = 76.20%
[LinearModel] Epoch 30 (590.58s)	Avg. loss = 0.495417	Dev acc. = 76.60%
[LinearModel] Epoch 35 (682.50s)	Avg. loss = 0.487866	Dev acc. = 77.10%
[LinearModel] Epoch 40 (775.31s)	Avg. loss = 0.481735	Dev acc. = 77.60%
[LinearModel] Epoch 45 (863.84s)	Avg. loss = 0.476643	Dev acc. = 77.90%
[LinearModel] Epoch 50 (894.75s)	Avg. loss = 0.472336	Dev acc. = 78.00%
[LinearModel] Training done (894.75s)
   l2_penalty     lr loss_function  n_epochs  Accuracy
3     0.00001  0.050           log        50     0.780
7     0.00100  0.010           log        50     0.738
0     0.01000  0.001           log        50     0.678
6     0.00010  0.001         hinge        50     0.508
1    10.00000  0.001           log        50     0.505
4    10.00000  0.100         hinge        50     0.505
5     1.00000  0.001         hinge        50     0.505
2     0.00100  0.100         hinge        50     0.502
[LinearModel] Test set unknown token percentage: 0.00%
[LinearModel] Accuracy: 77.11%
