W tensorflow/core/platform/cpu_feature_guard.cc:45] The TensorFlow library wasn't compiled to use SSE3 instructions, but these are available on your machine and could speed up CPU computations.
W tensorflow/core/platform/cpu_feature_guard.cc:45] The TensorFlow library wasn't compiled to use SSE4.1 instructions, but these are available on your machine and could speed up CPU computations.
W tensorflow/core/platform/cpu_feature_guard.cc:45] The TensorFlow library wasn't compiled to use SSE4.2 instructions, but these are available on your machine and could speed up CPU computations.
W tensorflow/core/platform/cpu_feature_guard.cc:45] The TensorFlow library wasn't compiled to use AVX instructions, but these are available on your machine and could speed up CPU computations.
W tensorflow/core/platform/cpu_feature_guard.cc:45] The TensorFlow library wasn't compiled to use AVX2 instructions, but these are available on your machine and could speed up CPU computations.
W tensorflow/core/platform/cpu_feature_guard.cc:45] The TensorFlow library wasn't compiled to use FMA instructions, but these are available on your machine and could speed up CPU computations.
Initialized RandomSearch of size 8 / 1
================================================================================
[1] Testing l2_penalty = 1.0, lr = 0.01, loss_function = hinge, n_epochs = 50
================================================================================
[TTBB] dim=300 lr=0.01 l2=1.0 ngram=2
[TTBB] Building model
[TTBB] Training model
[TTBB] #examples=5000  #epochs=50  batch size=256
[TTBB] Found dev set for training eval
[TTBB] Epoch 1 (2.97s)	Avg. loss = 0.005566	Dev acc. = 46.40%
[TTBB] Epoch 5 (8.04s)	Avg. loss = 0.003965	Dev acc. = 46.40%
[TTBB] Epoch 10 (15.46s)	Avg. loss = 0.003941	Dev acc. = 46.40%
[TTBB] Epoch 15 (23.53s)	Avg. loss = 0.003936	Dev acc. = 46.40%
[TTBB] Epoch 20 (33.06s)	Avg. loss = 0.003937	Dev acc. = 46.40%
[TTBB] Epoch 25 (42.86s)	Avg. loss = 0.003939	Dev acc. = 46.40%
[TTBB] Epoch 30 (52.74s)	Avg. loss = 0.003937	Dev acc. = 46.40%
[TTBB] Epoch 35 (62.54s)	Avg. loss = 0.003935	Dev acc. = 46.40%
[TTBB] Epoch 40 (72.34s)	Avg. loss = 0.003936	Dev acc. = 46.40%
[TTBB] Epoch 45 (81.76s)	Avg. loss = 0.003936	Dev acc. = 46.40%
[TTBB] Epoch 50 (91.24s)	Avg. loss = 0.003939	Dev acc. = 46.40%
[TTBB] Training done (91.24s)
[TTBB] Test set unknown token percentage: 0.00%
[TTBB] Accuracy: 46.40%
================================================================================
[2] Testing l2_penalty = 1e-05, lr = 0.1, loss_function = hinge, n_epochs = 50
================================================================================
[TTBB] dim=300 lr=0.1 l2=1e-05 ngram=2
[TTBB] Building model
[TTBB] Training model
[TTBB] #examples=5000  #epochs=50  batch size=256
[TTBB] Found dev set for training eval
[TTBB] Epoch 1 (4.05s)	Avg. loss = 0.003998	Dev acc. = 46.40%
[TTBB] Epoch 5 (10.39s)	Avg. loss = 0.003423	Dev acc. = 64.50%
[TTBB] Epoch 10 (18.26s)	Avg. loss = 0.003289	Dev acc. = 67.70%
[TTBB] Epoch 15 (26.83s)	Avg. loss = 0.003247	Dev acc. = 67.90%
[TTBB] Epoch 20 (37.41s)	Avg. loss = 0.003226	Dev acc. = 68.30%
[TTBB] Epoch 25 (48.07s)	Avg. loss = 0.003211	Dev acc. = 68.10%
[TTBB] Epoch 30 (61.19s)	Avg. loss = 0.003215	Dev acc. = 67.40%
[TTBB] Epoch 35 (72.20s)	Avg. loss = 0.003200	Dev acc. = 67.70%
[TTBB] Epoch 40 (81.61s)	Avg. loss = 0.003199	Dev acc. = 67.50%
[TTBB] Epoch 45 (91.47s)	Avg. loss = 0.003207	Dev acc. = 66.60%
[TTBB] Epoch 50 (102.08s)	Avg. loss = 0.003201	Dev acc. = 67.30%
[TTBB] Training done (102.08s)
[TTBB] Test set unknown token percentage: 0.00%
[TTBB] Accuracy: 67.30%
================================================================================
[3] Testing l2_penalty = 10.0, lr = 0.1, loss_function = log, n_epochs = 50
================================================================================
[TTBB] dim=300 lr=0.1 l2=10.0 ngram=2
[TTBB] Building model
[TTBB] Training model
[TTBB] #examples=5000  #epochs=50  batch size=256
[TTBB] Found dev set for training eval
[TTBB] Epoch 1 (6.15s)	Avg. loss = 0.706759	Dev acc. = 46.40%
[TTBB] Epoch 5 (15.43s)	Avg. loss = 0.694763	Dev acc. = 46.30%
[TTBB] Epoch 10 (26.50s)	Avg. loss = 0.695168	Dev acc. = 46.00%
[TTBB] Epoch 15 (38.23s)	Avg. loss = 0.695228	Dev acc. = 46.70%
[TTBB] Epoch 20 (49.40s)	Avg. loss = 0.695241	Dev acc. = 47.30%
[TTBB] Epoch 25 (60.69s)	Avg. loss = 0.695247	Dev acc. = 48.10%
[TTBB] Epoch 30 (71.92s)	Avg. loss = 0.695250	Dev acc. = 48.50%
[TTBB] Epoch 35 (83.61s)	Avg. loss = 0.695252	Dev acc. = 48.40%
[TTBB] Epoch 40 (93.22s)	Avg. loss = 0.695254	Dev acc. = 49.00%
[TTBB] Epoch 45 (104.66s)	Avg. loss = 0.695256	Dev acc. = 48.80%
[TTBB] Epoch 50 (181.33s)	Avg. loss = 0.695257	Dev acc. = 48.60%
[TTBB] Training done (181.33s)
[TTBB] Test set unknown token percentage: 0.00%
[TTBB] Accuracy: 48.60%
================================================================================
[4] Testing l2_penalty = 0.01, lr = 0.005, loss_function = hinge, n_epochs = 50
================================================================================
[TTBB] dim=300 lr=0.005 l2=0.01 ngram=2
[TTBB] Building model
[TTBB] Training model
[TTBB] #examples=5000  #epochs=50  batch size=256
[TTBB] Found dev set for training eval
[TTBB] Epoch 1 (54.27s)	Avg. loss = 0.004009	Dev acc. = 46.40%
[TTBB] Epoch 5 (98.33s)	Avg. loss = 0.003957	Dev acc. = 46.40%
[TTBB] Epoch 10 (104.51s)	Avg. loss = 0.003945	Dev acc. = 46.40%
[TTBB] Epoch 15 (164.65s)	Avg. loss = 0.003936	Dev acc. = 46.40%
[TTBB] Epoch 20 (271.16s)	Avg. loss = 0.003933	Dev acc. = 46.40%
[TTBB] Epoch 25 (379.40s)	Avg. loss = 0.003931	Dev acc. = 46.40%
[TTBB] Epoch 30 (488.44s)	Avg. loss = 0.003931	Dev acc. = 46.40%
[TTBB] Epoch 35 (610.00s)	Avg. loss = 0.003931	Dev acc. = 46.40%
[TTBB] Epoch 40 (727.54s)	Avg. loss = 0.003931	Dev acc. = 46.40%
[TTBB] Epoch 45 (845.55s)	Avg. loss = 0.003931	Dev acc. = 46.40%
[TTBB] Epoch 50 (959.89s)	Avg. loss = 0.003930	Dev acc. = 46.40%
[TTBB] Training done (959.89s)
[TTBB] Test set unknown token percentage: 0.00%
[TTBB] Accuracy: 46.40%
================================================================================
[5] Testing l2_penalty = 1.0, lr = 0.001, loss_function = log, n_epochs = 50
================================================================================
[TTBB] dim=300 lr=0.001 l2=1.0 ngram=2
[TTBB] Building model
[TTBB] Training model
[TTBB] #examples=5000  #epochs=50  batch size=256
[TTBB] Found dev set for training eval
[TTBB] Epoch 1 (59.32s)	Avg. loss = 0.700149	Dev acc. = 46.40%
[TTBB] Epoch 5 (149.84s)	Avg. loss = 0.694711	Dev acc. = 46.40%
[TTBB] Epoch 10 (266.07s)	Avg. loss = 0.692748	Dev acc. = 46.40%
[TTBB] Epoch 15 (380.35s)	Avg. loss = 0.692016	Dev acc. = 46.40%
[TTBB] Epoch 20 (499.78s)	Avg. loss = 0.691728	Dev acc. = 46.40%
[TTBB] Epoch 25 (612.95s)	Avg. loss = 0.691606	Dev acc. = 46.30%
[TTBB] Epoch 30 (732.90s)	Avg. loss = 0.691551	Dev acc. = 46.30%
[TTBB] Epoch 35 (847.54s)	Avg. loss = 0.691522	Dev acc. = 46.20%
[TTBB] Epoch 40 (958.74s)	Avg. loss = 0.691506	Dev acc. = 46.10%
[TTBB] Epoch 45 (1045.00s)	Avg. loss = 0.691495	Dev acc. = 46.10%
[TTBB] Epoch 50 (1165.79s)	Avg. loss = 0.691487	Dev acc. = 46.10%
[TTBB] Training done (1165.79s)
[TTBB] Test set unknown token percentage: 0.00%
[TTBB] Accuracy: 46.10%
================================================================================
[6] Testing l2_penalty = 0.0001, lr = 0.001, loss_function = log, n_epochs = 50
================================================================================
[TTBB] dim=300 lr=0.001 l2=0.0001 ngram=2
[TTBB] Building model
[TTBB] Training model
[TTBB] #examples=5000  #epochs=50  batch size=256
[TTBB] Found dev set for training eval
[TTBB] Epoch 1 (59.89s)	Avg. loss = 0.694858	Dev acc. = 46.40%
[TTBB] Epoch 5 (155.83s)	Avg. loss = 0.691320	Dev acc. = 47.20%
[TTBB] Epoch 10 (273.28s)	Avg. loss = 0.689500	Dev acc. = 47.40%
[TTBB] Epoch 15 (396.40s)	Avg. loss = 0.687716	Dev acc. = 51.10%
[TTBB] Epoch 20 (523.74s)	Avg. loss = 0.685995	Dev acc. = 53.50%
[TTBB] Epoch 25 (634.73s)	Avg. loss = 0.684341	Dev acc. = 54.70%
[TTBB] Epoch 30 (746.24s)	Avg. loss = 0.682755	Dev acc. = 55.00%
[TTBB] Epoch 35 (858.06s)	Avg. loss = 0.681236	Dev acc. = 56.20%
[TTBB] Epoch 40 (974.20s)	Avg. loss = 0.679781	Dev acc. = 57.50%
[TTBB] Epoch 45 (1091.28s)	Avg. loss = 0.678388	Dev acc. = 57.70%
[TTBB] Epoch 50 (1208.98s)	Avg. loss = 0.677054	Dev acc. = 58.60%
[TTBB] Training done (1208.98s)
[TTBB] Test set unknown token percentage: 0.00%
[TTBB] Accuracy: 58.60%
================================================================================
[7] Testing l2_penalty = 0.0001, lr = 0.01, loss_function = hinge, n_epochs = 50
================================================================================
[TTBB] dim=300 lr=0.01 l2=0.0001 ngram=2
[TTBB] Building model
[TTBB] Training model
[TTBB] #examples=5000  #epochs=50  batch size=256
[TTBB] Found dev set for training eval
[TTBB] Epoch 1 (61.83s)	Avg. loss = 0.003959	Dev acc. = 46.40%
[TTBB] Epoch 5 (159.50s)	Avg. loss = 0.003842	Dev acc. = 46.40%
[TTBB] Epoch 10 (271.85s)	Avg. loss = 0.003756	Dev acc. = 46.40%
[TTBB] Epoch 15 (390.18s)	Avg. loss = 0.003685	Dev acc. = 52.20%
[TTBB] Epoch 20 (503.39s)	Avg. loss = 0.003625	Dev acc. = 61.40%
[TTBB] Epoch 25 (620.15s)	Avg. loss = 0.003581	Dev acc. = 62.90%
[TTBB] Epoch 30 (734.48s)	Avg. loss = 0.003557	Dev acc. = 63.80%
[TTBB] Epoch 35 (847.59s)	Avg. loss = 0.003542	Dev acc. = 64.50%
[TTBB] Epoch 40 (872.61s)	Avg. loss = 0.003532	Dev acc. = 65.50%
[TTBB] Epoch 45 (878.69s)	Avg. loss = 0.003525	Dev acc. = 66.10%
[TTBB] Epoch 50 (884.90s)	Avg. loss = 0.003520	Dev acc. = 66.20%
[TTBB] Training done (884.90s)
[TTBB] Test set unknown token percentage: 0.00%
[TTBB] Accuracy: 66.20%
================================================================================
[8] Testing l2_penalty = 1e-05, lr = 0.005, loss_function = log, n_epochs = 50
================================================================================
[TTBB] dim=300 lr=0.005 l2=1e-05 ngram=2
[TTBB] Building model
[TTBB] Training model
[TTBB] #examples=5000  #epochs=50  batch size=256
[TTBB] Found dev set for training eval
[TTBB] Epoch 1 (2.95s)	Avg. loss = 0.693472	Dev acc. = 47.70%
[TTBB] Epoch 5 (7.82s)	Avg. loss = 0.685796	Dev acc. = 51.90%
[TTBB] Epoch 10 (15.24s)	Avg. loss = 0.678624	Dev acc. = 56.10%
[TTBB] Epoch 15 (23.00s)	Avg. loss = 0.672779	Dev acc. = 58.80%
[TTBB] Epoch 20 (30.42s)	Avg. loss = 0.668010	Dev acc. = 59.90%
[TTBB] Epoch 25 (35.81s)	Avg. loss = 0.664079	Dev acc. = 60.30%
[TTBB] Epoch 30 (41.11s)	Avg. loss = 0.660799	Dev acc. = 60.60%
[TTBB] Epoch 35 (46.84s)	Avg. loss = 0.658029	Dev acc. = 60.70%
[TTBB] Epoch 40 (52.87s)	Avg. loss = 0.655660	Dev acc. = 60.70%
[TTBB] Epoch 45 (59.02s)	Avg. loss = 0.653612	Dev acc. = 60.70%
[TTBB] Epoch 50 (64.70s)	Avg. loss = 0.651821	Dev acc. = 60.70%
[TTBB] Training done (64.70s)
[TTBB] Test set unknown token percentage: 0.00%
[TTBB] Accuracy: 60.70%
[TTBB] dim=300 lr=0.1 l2=1e-05 ngram=2
[TTBB] Building model
[TTBB] Training model
[TTBB] #examples=5000  #epochs=50  batch size=256
[TTBB] Found dev set for training eval
[TTBB] Epoch 1 (3.05s)	Avg. loss = 0.003998	Dev acc. = 46.40%
[TTBB] Epoch 5 (7.66s)	Avg. loss = 0.003423	Dev acc. = 64.50%
[TTBB] Epoch 10 (13.78s)	Avg. loss = 0.003289	Dev acc. = 67.70%
[TTBB] Epoch 15 (18.14s)	Avg. loss = 0.003247	Dev acc. = 67.90%
[TTBB] Epoch 20 (23.53s)	Avg. loss = 0.003226	Dev acc. = 68.30%
[TTBB] Epoch 25 (30.40s)	Avg. loss = 0.003211	Dev acc. = 68.10%
[TTBB] Epoch 30 (73.65s)	Avg. loss = 0.003215	Dev acc. = 67.40%
[TTBB] Epoch 35 (85.04s)	Avg. loss = 0.003200	Dev acc. = 67.70%
[TTBB] Epoch 40 (95.63s)	Avg. loss = 0.003199	Dev acc. = 67.50%
[TTBB] Epoch 45 (105.75s)	Avg. loss = 0.003207	Dev acc. = 66.60%
[TTBB] Epoch 50 (116.65s)	Avg. loss = 0.003201	Dev acc. = 67.30%
[TTBB] Training done (116.65s)
   l2_penalty     lr loss_function  n_epochs  Accuracy
1     0.00001  0.100         hinge        50     0.673
6     0.00010  0.010         hinge        50     0.662
7     0.00001  0.005           log        50     0.607
5     0.00010  0.001           log        50     0.586
2    10.00000  0.100           log        50     0.486
0     1.00000  0.010         hinge        50     0.464
3     0.01000  0.005         hinge        50     0.464
4     1.00000  0.001           log        50     0.461
[TTBB] Test set unknown token percentage: 0.00%
[TTBB] Accuracy: 66.24%
