W tensorflow/core/platform/cpu_feature_guard.cc:45] The TensorFlow library wasn't compiled to use SSE3 instructions, but these are available on your machine and could speed up CPU computations.
W tensorflow/core/platform/cpu_feature_guard.cc:45] The TensorFlow library wasn't compiled to use SSE4.1 instructions, but these are available on your machine and could speed up CPU computations.
W tensorflow/core/platform/cpu_feature_guard.cc:45] The TensorFlow library wasn't compiled to use SSE4.2 instructions, but these are available on your machine and could speed up CPU computations.
W tensorflow/core/platform/cpu_feature_guard.cc:45] The TensorFlow library wasn't compiled to use AVX instructions, but these are available on your machine and could speed up CPU computations.
W tensorflow/core/platform/cpu_feature_guard.cc:45] The TensorFlow library wasn't compiled to use AVX2 instructions, but these are available on your machine and could speed up CPU computations.
W tensorflow/core/platform/cpu_feature_guard.cc:45] The TensorFlow library wasn't compiled to use FMA instructions, but these are available on your machine and could speed up CPU computations.
Initialized RandomSearch of size 8 / 1
================================================================================
[1] Testing l2_penalty = 0.1, lr = 0.001, loss_function = log, n_epochs = 50
================================================================================
[TTBBTuneExact] dim=300 lr=0.001 l2=0.1 ngram=2
[TTBBTuneExact] Building model
[TTBBTuneExact] Training model
[TTBBTuneExact] #examples=5000  #epochs=50  batch size=256
[TTBBTuneExact] Found dev set for training eval
[TTBBTuneExact] Epoch 1 (29.87s)	Avg. loss = 0.696489	Dev acc. = 50.80%
[TTBBTuneExact] Epoch 5 (200.08s)	Avg. loss = 0.694926	Dev acc. = 50.80%
[TTBBTuneExact] Epoch 10 (755.11s)	Avg. loss = 0.693802	Dev acc. = 50.80%
[TTBBTuneExact] Epoch 15 (1222.60s)	Avg. loss = 0.693387	Dev acc. = 50.80%
[TTBBTuneExact] Epoch 20 (1651.37s)	Avg. loss = 0.693253	Dev acc. = 50.80%
[TTBBTuneExact] Epoch 25 (2159.04s)	Avg. loss = 0.693163	Dev acc. = 50.80%
[TTBBTuneExact] Epoch 30 (2713.86s)	Avg. loss = 0.693106	Dev acc. = 50.80%
[TTBBTuneExact] Epoch 35 (3289.09s)	Avg. loss = 0.693083	Dev acc. = 50.80%
[TTBBTuneExact] Epoch 40 (3907.55s)	Avg. loss = 0.693068	Dev acc. = 50.80%
[TTBBTuneExact] Epoch 45 (4528.47s)	Avg. loss = 0.693047	Dev acc. = 50.80%
[TTBBTuneExact] Epoch 50 (5104.03s)	Avg. loss = 0.693029	Dev acc. = 50.80%
[TTBBTuneExact] Training done (5104.03s)
[TTBBTuneExact] Test set unknown token percentage: 0.00%
[TTBBTuneExact] Accuracy: 50.80%
================================================================================
[2] Testing l2_penalty = 1.0, lr = 0.001, loss_function = hinge, n_epochs = 50
================================================================================
[TTBBTuneExact] dim=300 lr=0.001 l2=1.0 ngram=2
[TTBBTuneExact] Building model
[TTBBTuneExact] Training model
[TTBBTuneExact] #examples=5000  #epochs=50  batch size=256
[TTBBTuneExact] Found dev set for training eval
[TTBBTuneExact] Epoch 1 (152.41s)	Avg. loss = 0.008643	Dev acc. = 50.80%
[TTBBTuneExact] Epoch 5 (556.79s)	Avg. loss = 0.005141	Dev acc. = 50.80%
[TTBBTuneExact] Epoch 10 (1107.17s)	Avg. loss = 0.004201	Dev acc. = 50.80%
[TTBBTuneExact] Epoch 15 (1685.42s)	Avg. loss = 0.004028	Dev acc. = 50.80%
[TTBBTuneExact] Epoch 20 (1876.65s)	Avg. loss = 0.003997	Dev acc. = 50.80%
[TTBBTuneExact] Epoch 25 (2061.19s)	Avg. loss = 0.003992	Dev acc. = 50.80%
[TTBBTuneExact] Epoch 30 (2248.33s)	Avg. loss = 0.003990	Dev acc. = 50.80%
[TTBBTuneExact] Epoch 35 (2434.29s)	Avg. loss = 0.003989	Dev acc. = 50.80%
[TTBBTuneExact] Epoch 40 (2591.70s)	Avg. loss = 0.003989	Dev acc. = 50.80%
[TTBBTuneExact] Epoch 45 (2767.65s)	Avg. loss = 0.003988	Dev acc. = 50.80%
[TTBBTuneExact] Epoch 50 (2960.55s)	Avg. loss = 0.003988	Dev acc. = 50.80%
[TTBBTuneExact] Training done (2960.55s)
[TTBBTuneExact] Test set unknown token percentage: 0.00%
[TTBBTuneExact] Accuracy: 50.80%
================================================================================
[3] Testing l2_penalty = 0.001, lr = 0.01, loss_function = log, n_epochs = 50
================================================================================
[TTBBTuneExact] dim=300 lr=0.01 l2=0.001 ngram=2
[TTBBTuneExact] Building model
[TTBBTuneExact] Training model
[TTBBTuneExact] #examples=5000  #epochs=50  batch size=256
[TTBBTuneExact] Found dev set for training eval
[TTBBTuneExact] Epoch 1 (53.91s)	Avg. loss = 0.693582	Dev acc. = 50.80%
[TTBBTuneExact] Epoch 5 (220.34s)	Avg. loss = 0.698040	Dev acc. = 50.10%
[TTBBTuneExact] Epoch 10 (423.07s)	Avg. loss = 0.690802	Dev acc. = 50.50%
[TTBBTuneExact] Epoch 15 (621.07s)	Avg. loss = 0.688913	Dev acc. = 51.90%
[TTBBTuneExact] Epoch 20 (820.68s)	Avg. loss = 0.686641	Dev acc. = 52.50%
[TTBBTuneExact] Epoch 25 (1021.53s)	Avg. loss = 0.710790	Dev acc. = 50.80%
[TTBBTuneExact] Epoch 30 (1220.64s)	Avg. loss = 0.676822	Dev acc. = 49.70%
[TTBBTuneExact] Epoch 35 (1423.17s)	Avg. loss = 0.683046	Dev acc. = 45.90%
[TTBBTuneExact] Epoch 40 (1613.91s)	Avg. loss = 0.688445	Dev acc. = 51.00%
[TTBBTuneExact] Epoch 45 (1815.23s)	Avg. loss = 0.690430	Dev acc. = 52.80%
[TTBBTuneExact] Epoch 50 (2018.31s)	Avg. loss = 0.689956	Dev acc. = 53.80%
[TTBBTuneExact] Training done (2018.31s)
[TTBBTuneExact] Test set unknown token percentage: 0.00%
[TTBBTuneExact] Accuracy: 53.80%
================================================================================
[4] Testing l2_penalty = 10.0, lr = 0.1, loss_function = log, n_epochs = 50
================================================================================
[TTBBTuneExact] dim=300 lr=0.1 l2=10.0 ngram=2
[TTBBTuneExact] Building model
[TTBBTuneExact] Training model
[TTBBTuneExact] #examples=5000  #epochs=50  batch size=256
[TTBBTuneExact] Found dev set for training eval
[TTBBTuneExact] Epoch 1 (51.25s)	Avg. loss = 0.704739	Dev acc. = 54.30%
[TTBBTuneExact] Epoch 5 (207.80s)	Avg. loss = 0.701406	Dev acc. = 51.90%
[TTBBTuneExact] Epoch 10 (400.38s)	Avg. loss = 0.721790	Dev acc. = 48.80%
[TTBBTuneExact] Epoch 15 (593.69s)	Avg. loss = 1.729813	Dev acc. = 52.20%
[TTBBTuneExact] Epoch 20 (785.49s)	Avg. loss = 3.836096	Dev acc. = 49.20%
[TTBBTuneExact] Epoch 25 (971.21s)	Avg. loss = 2.863334	Dev acc. = 51.40%
[TTBBTuneExact] Epoch 30 (1152.61s)	Avg. loss = 5.544549	Dev acc. = 50.80%
[TTBBTuneExact] Epoch 35 (1344.94s)	Avg. loss = 12.720791	Dev acc. = 47.50%
[TTBBTuneExact] Epoch 40 (1507.57s)	Avg. loss = 12.544742	Dev acc. = 49.90%
[TTBBTuneExact] Epoch 45 (1666.31s)	Avg. loss = 8.395302	Dev acc. = 52.90%
[TTBBTuneExact] Epoch 50 (1860.30s)	Avg. loss = 3.366344	Dev acc. = 47.80%
[TTBBTuneExact] Training done (1860.30s)
[TTBBTuneExact] Test set unknown token percentage: 0.00%
[TTBBTuneExact] Accuracy: 47.80%
================================================================================
[5] Testing l2_penalty = 0.01, lr = 0.01, loss_function = hinge, n_epochs = 50
================================================================================
[TTBBTuneExact] dim=300 lr=0.01 l2=0.01 ngram=2
[TTBBTuneExact] Building model
[TTBBTuneExact] Training model
[TTBBTuneExact] #examples=5000  #epochs=50  batch size=256
[TTBBTuneExact] Found dev set for training eval
[TTBBTuneExact] Epoch 1 (151.68s)	Avg. loss = 0.004007	Dev acc. = 50.80%
[TTBBTuneExact] Epoch 5 (644.18s)	Avg. loss = 0.003997	Dev acc. = 50.80%
[TTBBTuneExact] Epoch 10 (1086.70s)	Avg. loss = 0.003985	Dev acc. = 50.80%
[TTBBTuneExact] Epoch 15 (1303.24s)	Avg. loss = 0.003980	Dev acc. = 50.80%
[TTBBTuneExact] Epoch 20 (1533.60s)	Avg. loss = 0.003977	Dev acc. = 50.80%
[TTBBTuneExact] Epoch 25 (1758.89s)	Avg. loss = 0.003973	Dev acc. = 50.80%
[TTBBTuneExact] Epoch 30 (1982.41s)	Avg. loss = 0.003970	Dev acc. = 50.80%
[TTBBTuneExact] Epoch 35 (2204.14s)	Avg. loss = 0.003976	Dev acc. = 50.80%
[TTBBTuneExact] Epoch 40 (2431.72s)	Avg. loss = 0.003973	Dev acc. = 50.80%
[TTBBTuneExact] Epoch 45 (2662.30s)	Avg. loss = 0.003978	Dev acc. = 50.80%
[TTBBTuneExact] Epoch 50 (2890.24s)	Avg. loss = 0.003991	Dev acc. = 50.80%
[TTBBTuneExact] Training done (2890.24s)
[TTBBTuneExact] Test set unknown token percentage: 0.00%
[TTBBTuneExact] Accuracy: 50.80%
================================================================================
[6] Testing l2_penalty = 1e-05, lr = 0.05, loss_function = hinge, n_epochs = 50
================================================================================
[TTBBTuneExact] dim=300 lr=0.05 l2=1e-05 ngram=2
[TTBBTuneExact] Building model
[TTBBTuneExact] Training model
[TTBBTuneExact] #examples=5000  #epochs=50  batch size=256
[TTBBTuneExact] Found dev set for training eval
[TTBBTuneExact] Epoch 1 (62.45s)	Avg. loss = 0.003927	Dev acc. = 50.70%
[TTBBTuneExact] Epoch 5 (241.89s)	Avg. loss = 0.004890	Dev acc. = 45.70%
[TTBBTuneExact] Epoch 10 (465.71s)	Avg. loss = 0.005047	Dev acc. = 52.60%
[TTBBTuneExact] Epoch 15 (635.61s)	Avg. loss = 0.004172	Dev acc. = 49.20%
[TTBBTuneExact] Epoch 20 (804.96s)	Avg. loss = 0.003971	Dev acc. = 48.50%
[TTBBTuneExact] Epoch 25 (968.81s)	Avg. loss = 0.003987	Dev acc. = 51.50%
[TTBBTuneExact] Epoch 30 (1140.07s)	Avg. loss = 0.004057	Dev acc. = 51.10%
[TTBBTuneExact] Epoch 35 (1321.47s)	Avg. loss = 0.003983	Dev acc. = 51.20%
[TTBBTuneExact] Epoch 40 (1489.95s)	Avg. loss = 0.004048	Dev acc. = 51.70%
[TTBBTuneExact] Epoch 45 (1671.69s)	Avg. loss = 0.004071	Dev acc. = 50.40%
[TTBBTuneExact] Epoch 50 (1847.13s)	Avg. loss = 0.004081	Dev acc. = 50.70%
[TTBBTuneExact] Training done (1847.13s)
[TTBBTuneExact] Test set unknown token percentage: 0.00%
[TTBBTuneExact] Accuracy: 50.70%
================================================================================
[7] Testing l2_penalty = 1e-05, lr = 0.1, loss_function = log, n_epochs = 50
================================================================================
[TTBBTuneExact] dim=300 lr=0.1 l2=1e-05 ngram=2
[TTBBTuneExact] Building model
[TTBBTuneExact] Training model
[TTBBTuneExact] #examples=5000  #epochs=50  batch size=256
[TTBBTuneExact] Found dev set for training eval
[TTBBTuneExact] Epoch 1 (50.70s)	Avg. loss = 0.684671	Dev acc. = 57.10%
[TTBBTuneExact] Epoch 5 (193.80s)	Avg. loss = 1.669535	Dev acc. = 48.80%
[TTBBTuneExact] Epoch 10 (320.79s)	Avg. loss = 2.745346	Dev acc. = 50.40%
[TTBBTuneExact] Epoch 15 (439.65s)	Avg. loss = 16.842931	Dev acc. = 47.10%
[TTBBTuneExact] Epoch 20 (558.31s)	Avg. loss = 3.762058	Dev acc. = 52.20%
[TTBBTuneExact] Epoch 25 (677.11s)	Avg. loss = 1.781486	Dev acc. = 48.30%
[TTBBTuneExact] Epoch 30 (795.69s)	Avg. loss = 1.435527	Dev acc. = 52.80%
[TTBBTuneExact] Epoch 35 (914.05s)	Avg. loss = 1.746093	Dev acc. = 46.00%
[TTBBTuneExact] Epoch 40 (1033.65s)	Avg. loss = 0.767480	Dev acc. = 48.40%
[TTBBTuneExact] Epoch 45 (1152.91s)	Avg. loss = 0.853590	Dev acc. = 45.70%
[TTBBTuneExact] Epoch 50 (1271.23s)	Avg. loss = 1.030557	Dev acc. = 47.80%
[TTBBTuneExact] Training done (1271.23s)
[TTBBTuneExact] Test set unknown token percentage: 0.00%
[TTBBTuneExact] Accuracy: 47.80%
================================================================================
[8] Testing l2_penalty = 10.0, lr = 0.05, loss_function = hinge, n_epochs = 50
================================================================================
[TTBBTuneExact] dim=300 lr=0.05 l2=10.0 ngram=2
[TTBBTuneExact] Building model
[TTBBTuneExact] Training model
[TTBBTuneExact] #examples=5000  #epochs=50  batch size=256
[TTBBTuneExact] Found dev set for training eval
[TTBBTuneExact] Epoch 1 (35.51s)	Avg. loss = 0.012934	Dev acc. = 50.80%
[TTBBTuneExact] Epoch 5 (136.36s)	Avg. loss = 0.003971	Dev acc. = 50.80%
[TTBBTuneExact] Epoch 10 (262.41s)	Avg. loss = 0.003979	Dev acc. = 50.80%
[TTBBTuneExact] Epoch 15 (387.91s)	Avg. loss = 0.003970	Dev acc. = 50.80%
[TTBBTuneExact] Epoch 20 (513.02s)	Avg. loss = 0.003974	Dev acc. = 50.80%
[TTBBTuneExact] Epoch 25 (636.90s)	Avg. loss = 0.003980	Dev acc. = 50.80%
[TTBBTuneExact] Epoch 30 (761.94s)	Avg. loss = 0.003986	Dev acc. = 50.80%
[TTBBTuneExact] Epoch 35 (887.08s)	Avg. loss = 0.004000	Dev acc. = 50.80%
[TTBBTuneExact] Epoch 40 (1012.09s)	Avg. loss = 0.004000	Dev acc. = 50.80%
[TTBBTuneExact] Epoch 45 (1136.28s)	Avg. loss = 0.004003	Dev acc. = 50.80%
[TTBBTuneExact] Epoch 50 (1258.82s)	Avg. loss = 0.004005	Dev acc. = 50.80%
[TTBBTuneExact] Training done (1258.82s)
[TTBBTuneExact] Test set unknown token percentage: 0.00%
[TTBBTuneExact] Accuracy: 50.80%
[TTBBTuneExact] dim=300 lr=0.01 l2=0.001 ngram=2
[TTBBTuneExact] Building model
[TTBBTuneExact] Training model
[TTBBTuneExact] #examples=5000  #epochs=50  batch size=256
[TTBBTuneExact] Found dev set for training eval
[TTBBTuneExact] Epoch 1 (38.19s)	Avg. loss = 0.693582	Dev acc. = 50.80%
[TTBBTuneExact] Epoch 5 (138.95s)	Avg. loss = 0.698040	Dev acc. = 50.10%
[TTBBTuneExact] Epoch 10 (263.86s)	Avg. loss = 0.690802	Dev acc. = 50.50%
[TTBBTuneExact] Epoch 15 (388.19s)	Avg. loss = 0.688913	Dev acc. = 51.90%
[TTBBTuneExact] Epoch 20 (513.52s)	Avg. loss = 0.686641	Dev acc. = 52.50%
[TTBBTuneExact] Epoch 25 (629.58s)	Avg. loss = 0.710790	Dev acc. = 50.80%
[TTBBTuneExact] Epoch 30 (745.92s)	Avg. loss = 0.676822	Dev acc. = 49.70%
[TTBBTuneExact] Epoch 35 (862.33s)	Avg. loss = 0.683046	Dev acc. = 45.90%
[TTBBTuneExact] Epoch 40 (964.86s)	Avg. loss = 0.688445	Dev acc. = 51.00%
[TTBBTuneExact] Epoch 45 (1064.04s)	Avg. loss = 0.690430	Dev acc. = 52.80%
[TTBBTuneExact] Epoch 50 (1162.75s)	Avg. loss = 0.689956	Dev acc. = 53.80%
[TTBBTuneExact] Training done (1162.75s)
   l2_penalty     lr loss_function  n_epochs  Accuracy
2     0.00100  0.010           log        50     0.538
0     0.10000  0.001           log        50     0.508
1     1.00000  0.001         hinge        50     0.508
4     0.01000  0.010         hinge        50     0.508
7    10.00000  0.050         hinge        50     0.508
5     0.00001  0.050         hinge        50     0.507
3    10.00000  0.100           log        50     0.478
6     0.00001  0.100           log        50     0.478
[TTBBTuneExact] Test set unknown token percentage: 0.00%
[TTBBTuneExact] Accuracy: 51.87%
