W tensorflow/core/platform/cpu_feature_guard.cc:45] The TensorFlow library wasn't compiled to use SSE3 instructions, but these are available on your machine and could speed up CPU computations.
W tensorflow/core/platform/cpu_feature_guard.cc:45] The TensorFlow library wasn't compiled to use SSE4.1 instructions, but these are available on your machine and could speed up CPU computations.
W tensorflow/core/platform/cpu_feature_guard.cc:45] The TensorFlow library wasn't compiled to use SSE4.2 instructions, but these are available on your machine and could speed up CPU computations.
W tensorflow/core/platform/cpu_feature_guard.cc:45] The TensorFlow library wasn't compiled to use AVX instructions, but these are available on your machine and could speed up CPU computations.
W tensorflow/core/platform/cpu_feature_guard.cc:45] The TensorFlow library wasn't compiled to use AVX2 instructions, but these are available on your machine and could speed up CPU computations.
W tensorflow/core/platform/cpu_feature_guard.cc:45] The TensorFlow library wasn't compiled to use FMA instructions, but these are available on your machine and could speed up CPU computations.
Initialized RandomSearch of size 8 / 1
================================================================================
[1] Testing l2_penalty = 0.001, lr = 0.005, loss_function = hinge, n_epochs = 50
================================================================================
[SparseLinearModel] dim=300 lr=0.005 l2=0.001 ngram=2
[SparseLinearModel] Building model
[SparseLinearModel] Training model
[SparseLinearModel] #examples=5000  #epochs=50  batch size=256
[SparseLinearModel] Found dev set for training eval
[SparseLinearModel] Epoch 1 (24.77s)	Avg. loss = 0.002471	Dev acc. = 86.10%
[SparseLinearModel] Epoch 5 (135.08s)	Avg. loss = 0.000290	Dev acc. = 87.60%
[SparseLinearModel] Epoch 10 (292.10s)	Avg. loss = 0.000467	Dev acc. = 88.90%
[SparseLinearModel] Epoch 15 (451.47s)	Avg. loss = 0.000699	Dev acc. = 79.40%
[SparseLinearModel] Epoch 20 (612.01s)	Avg. loss = 0.001911	Dev acc. = 88.20%
[SparseLinearModel] Epoch 25 (776.99s)	Avg. loss = 0.000358	Dev acc. = 87.40%
[SparseLinearModel] Epoch 30 (947.74s)	Avg. loss = 0.000271	Dev acc. = 87.20%
[SparseLinearModel] Epoch 35 (1109.30s)	Avg. loss = 0.000495	Dev acc. = 86.80%
[SparseLinearModel] Epoch 40 (1271.90s)	Avg. loss = 0.002183	Dev acc. = 72.90%
[SparseLinearModel] Epoch 45 (1435.12s)	Avg. loss = 0.000504	Dev acc. = 87.60%
[SparseLinearModel] Epoch 50 (1601.99s)	Avg. loss = 0.000262	Dev acc. = 86.40%
[SparseLinearModel] Training done (1601.99s)
[SparseLinearModel] Test set unknown token percentage: 0.00%
[SparseLinearModel] Accuracy: 86.40%
================================================================================
[2] Testing l2_penalty = 1.0, lr = 0.1, loss_function = hinge, n_epochs = 50
================================================================================
[SparseLinearModel] dim=300 lr=0.1 l2=1.0 ngram=2
[SparseLinearModel] Building model
[SparseLinearModel] Training model
[SparseLinearModel] #examples=5000  #epochs=50  batch size=256
[SparseLinearModel] Found dev set for training eval
[SparseLinearModel] Epoch 1 (38.19s)	Avg. loss = 1.530868	Dev acc. = 64.80%
[SparseLinearModel] Epoch 5 (161.94s)	Avg. loss = 0.009363	Dev acc. = 68.10%
[SparseLinearModel] Epoch 10 (287.47s)	Avg. loss = 0.011875	Dev acc. = 54.20%
[SparseLinearModel] Epoch 15 (404.03s)	Avg. loss = 0.012984	Dev acc. = 68.20%
[SparseLinearModel] Epoch 20 (521.56s)	Avg. loss = 0.013161	Dev acc. = 64.00%
[SparseLinearModel] Epoch 25 (696.27s)	Avg. loss = 0.016180	Dev acc. = 66.90%
[SparseLinearModel] Epoch 30 (900.51s)	Avg. loss = 0.018087	Dev acc. = 50.60%
[SparseLinearModel] Epoch 35 (1110.12s)	Avg. loss = 0.018185	Dev acc. = 68.00%
[SparseLinearModel] Epoch 40 (1305.85s)	Avg. loss = 0.018001	Dev acc. = 70.20%
[SparseLinearModel] Epoch 45 (1502.15s)	Avg. loss = 0.022023	Dev acc. = 60.10%
[SparseLinearModel] Epoch 50 (1700.61s)	Avg. loss = 0.024791	Dev acc. = 64.70%
[SparseLinearModel] Training done (1700.61s)
[SparseLinearModel] Test set unknown token percentage: 0.00%
[SparseLinearModel] Accuracy: 64.70%
================================================================================
[3] Testing l2_penalty = 0.0001, lr = 0.01, loss_function = log, n_epochs = 50
================================================================================
[SparseLinearModel] dim=300 lr=0.01 l2=0.0001 ngram=2
[SparseLinearModel] Building model
[SparseLinearModel] Training model
[SparseLinearModel] #examples=5000  #epochs=50  batch size=256
[SparseLinearModel] Found dev set for training eval
[SparseLinearModel] Epoch 1 (41.76s)	Avg. loss = 0.503602	Dev acc. = 85.40%
[SparseLinearModel] Epoch 5 (197.42s)	Avg. loss = 0.004957	Dev acc. = 89.30%
[SparseLinearModel] Epoch 10 (384.62s)	Avg. loss = 0.002532	Dev acc. = 89.20%
[SparseLinearModel] Epoch 15 (575.72s)	Avg. loss = 0.001708	Dev acc. = 89.30%
[SparseLinearModel] Epoch 20 (767.66s)	Avg. loss = 0.001314	Dev acc. = 89.30%
[SparseLinearModel] Epoch 25 (963.52s)	Avg. loss = 0.001091	Dev acc. = 89.30%
[SparseLinearModel] Epoch 30 (1160.96s)	Avg. loss = 0.000952	Dev acc. = 89.40%
[SparseLinearModel] Epoch 35 (1358.60s)	Avg. loss = 0.000859	Dev acc. = 89.40%
[SparseLinearModel] Epoch 40 (1550.57s)	Avg. loss = 0.000794	Dev acc. = 89.60%
[SparseLinearModel] Epoch 45 (1747.94s)	Avg. loss = 0.000746	Dev acc. = 89.70%
[SparseLinearModel] Epoch 50 (1943.10s)	Avg. loss = 0.000709	Dev acc. = 89.60%
[SparseLinearModel] Training done (1943.10s)
[SparseLinearModel] Test set unknown token percentage: 0.00%
[SparseLinearModel] Accuracy: 89.60%
================================================================================
[4] Testing l2_penalty = 0.1, lr = 0.001, loss_function = log, n_epochs = 50
================================================================================
[SparseLinearModel] dim=300 lr=0.001 l2=0.1 ngram=2
[SparseLinearModel] Building model
[SparseLinearModel] Training model
[SparseLinearModel] #examples=5000  #epochs=50  batch size=256
[SparseLinearModel] Found dev set for training eval
[SparseLinearModel] Epoch 1 (44.51s)	Avg. loss = 0.633159	Dev acc. = 79.20%
[SparseLinearModel] Epoch 5 (214.42s)	Avg. loss = 0.157733	Dev acc. = 86.60%
[SparseLinearModel] Epoch 10 (421.18s)	Avg. loss = 0.095373	Dev acc. = 87.20%
[SparseLinearModel] Epoch 15 (619.18s)	Avg. loss = 0.078330	Dev acc. = 87.70%
[SparseLinearModel] Epoch 20 (815.06s)	Avg. loss = 0.070582	Dev acc. = 87.90%
[SparseLinearModel] Epoch 25 (1011.22s)	Avg. loss = 0.065801	Dev acc. = 87.90%
[SparseLinearModel] Epoch 30 (1211.95s)	Avg. loss = 0.062355	Dev acc. = 88.10%
[SparseLinearModel] Epoch 35 (1417.82s)	Avg. loss = 0.059691	Dev acc. = 88.10%
[SparseLinearModel] Epoch 40 (1626.52s)	Avg. loss = 0.057559	Dev acc. = 88.20%
[SparseLinearModel] Epoch 45 (1835.14s)	Avg. loss = 0.055822	Dev acc. = 88.20%
[SparseLinearModel] Epoch 50 (2022.74s)	Avg. loss = 0.054387	Dev acc. = 88.40%
[SparseLinearModel] Training done (2022.74s)
[SparseLinearModel] Test set unknown token percentage: 0.00%
[SparseLinearModel] Accuracy: 88.40%
================================================================================
[5] Testing l2_penalty = 1e-05, lr = 0.01, loss_function = hinge, n_epochs = 50
================================================================================
[SparseLinearModel] dim=300 lr=0.01 l2=1e-05 ngram=2
[SparseLinearModel] Building model
[SparseLinearModel] Training model
[SparseLinearModel] #examples=5000  #epochs=50  batch size=256
[SparseLinearModel] Found dev set for training eval
[SparseLinearModel] Epoch 1 (42.64s)	Avg. loss = 0.002150	Dev acc. = 88.00%
[SparseLinearModel] Epoch 5 (168.53s)	Avg. loss = 0.000022	Dev acc. = 88.30%
[SparseLinearModel] Epoch 10 (293.06s)	Avg. loss = 0.000019	Dev acc. = 88.30%
[SparseLinearModel] Epoch 15 (405.19s)	Avg. loss = 0.000018	Dev acc. = 88.50%
[SparseLinearModel] Epoch 20 (510.37s)	Avg. loss = 0.000017	Dev acc. = 88.30%
[SparseLinearModel] Epoch 25 (617.88s)	Avg. loss = 0.000015	Dev acc. = 88.40%
[SparseLinearModel] Epoch 30 (726.08s)	Avg. loss = 0.000014	Dev acc. = 88.40%
[SparseLinearModel] Epoch 35 (837.84s)	Avg. loss = 0.000013	Dev acc. = 88.30%
[SparseLinearModel] Epoch 40 (955.82s)	Avg. loss = 0.000017	Dev acc. = 87.30%
[SparseLinearModel] Epoch 45 (1142.52s)	Avg. loss = 0.000093	Dev acc. = 84.20%
[SparseLinearModel] Epoch 50 (1360.10s)	Avg. loss = 0.000093	Dev acc. = 83.60%
[SparseLinearModel] Training done (1360.10s)
[SparseLinearModel] Test set unknown token percentage: 0.00%
[SparseLinearModel] Accuracy: 83.60%
================================================================================
[6] Testing l2_penalty = 1e-05, lr = 0.05, loss_function = hinge, n_epochs = 50
================================================================================
[SparseLinearModel] dim=300 lr=0.05 l2=1e-05 ngram=2
[SparseLinearModel] Building model
[SparseLinearModel] Training model
[SparseLinearModel] #examples=5000  #epochs=50  batch size=256
[SparseLinearModel] Found dev set for training eval
[SparseLinearModel] Epoch 1 (50.22s)	Avg. loss = 0.003781	Dev acc. = 85.00%
[SparseLinearModel] Epoch 5 (231.14s)	Avg. loss = 0.000428	Dev acc. = 87.10%
[SparseLinearModel] Epoch 10 (450.89s)	Avg. loss = 0.000445	Dev acc. = 88.10%
[SparseLinearModel] Epoch 15 (675.78s)	Avg. loss = 0.000326	Dev acc. = 88.20%
[SparseLinearModel] Epoch 20 (906.12s)	Avg. loss = 0.000220	Dev acc. = 88.90%
[SparseLinearModel] Epoch 25 (1119.92s)	Avg. loss = 0.000147	Dev acc. = 87.90%
[SparseLinearModel] Epoch 30 (1332.76s)	Avg. loss = 0.000130	Dev acc. = 88.10%
[SparseLinearModel] Epoch 35 (1546.11s)	Avg. loss = 0.000642	Dev acc. = 84.10%
[SparseLinearModel] Epoch 40 (1756.33s)	Avg. loss = 0.001375	Dev acc. = 85.20%
[SparseLinearModel] Epoch 45 (1966.48s)	Avg. loss = 0.001805	Dev acc. = 85.80%
[SparseLinearModel] Epoch 50 (2181.74s)	Avg. loss = 0.005093	Dev acc. = 72.20%
[SparseLinearModel] Training done (2181.74s)
[SparseLinearModel] Test set unknown token percentage: 0.00%
[SparseLinearModel] Accuracy: 72.20%
================================================================================
[7] Testing l2_penalty = 1e-05, lr = 0.001, loss_function = log, n_epochs = 50
================================================================================
[SparseLinearModel] dim=300 lr=0.001 l2=1e-05 ngram=2
[SparseLinearModel] Building model
[SparseLinearModel] Training model
[SparseLinearModel] #examples=5000  #epochs=50  batch size=256
[SparseLinearModel] Found dev set for training eval
[SparseLinearModel] Epoch 1 (46.15s)	Avg. loss = 0.628403	Dev acc. = 79.00%
[SparseLinearModel] Epoch 5 (213.77s)	Avg. loss = 0.137231	Dev acc. = 86.60%
[SparseLinearModel] Epoch 10 (425.03s)	Avg. loss = 0.059465	Dev acc. = 87.00%
[SparseLinearModel] Epoch 15 (643.15s)	Avg. loss = 0.034438	Dev acc. = 87.80%
[SparseLinearModel] Epoch 20 (862.22s)	Avg. loss = 0.022869	Dev acc. = 88.30%
[SparseLinearModel] Epoch 25 (1085.54s)	Avg. loss = 0.016459	Dev acc. = 88.60%
[SparseLinearModel] Epoch 30 (1314.22s)	Avg. loss = 0.012493	Dev acc. = 88.50%
[SparseLinearModel] Epoch 35 (1536.35s)	Avg. loss = 0.009847	Dev acc. = 88.60%
[SparseLinearModel] Epoch 40 (1761.68s)	Avg. loss = 0.007982	Dev acc. = 88.40%
[SparseLinearModel] Epoch 45 (1985.65s)	Avg. loss = 0.006613	Dev acc. = 88.50%
[SparseLinearModel] Epoch 50 (2211.38s)	Avg. loss = 0.005575	Dev acc. = 88.50%
[SparseLinearModel] Training done (2211.38s)
[SparseLinearModel] Test set unknown token percentage: 0.00%
[SparseLinearModel] Accuracy: 88.50%
================================================================================
[8] Testing l2_penalty = 10.0, lr = 0.1, loss_function = hinge, n_epochs = 50
================================================================================
[SparseLinearModel] dim=300 lr=0.1 l2=10.0 ngram=2
[SparseLinearModel] Building model
[SparseLinearModel] Training model
[SparseLinearModel] #examples=5000  #epochs=50  batch size=256
[SparseLinearModel] Found dev set for training eval
[SparseLinearModel] Epoch 1 (53.13s)	Avg. loss = 15.187590	Dev acc. = 50.10%
[SparseLinearModel] Epoch 5 (233.42s)	Avg. loss = 0.008954	Dev acc. = 52.50%
[SparseLinearModel] Epoch 10 (457.48s)	Avg. loss = 0.005992	Dev acc. = 61.20%
[SparseLinearModel] Epoch 15 (687.42s)	Avg. loss = 0.005925	Dev acc. = 58.90%
[SparseLinearModel] Epoch 20 (908.48s)	Avg. loss = 0.006236	Dev acc. = 48.30%
[SparseLinearModel] Epoch 25 (1133.97s)	Avg. loss = 0.007490	Dev acc. = 48.20%
[SparseLinearModel] Epoch 30 (1365.71s)	Avg. loss = 0.007778	Dev acc. = 48.20%
[SparseLinearModel] Epoch 35 (1592.60s)	Avg. loss = 0.007133	Dev acc. = 55.80%
[SparseLinearModel] Epoch 40 (1826.57s)	Avg. loss = 0.008321	Dev acc. = 48.30%
[SparseLinearModel] Epoch 45 (2051.46s)	Avg. loss = 0.009728	Dev acc. = 48.30%
[SparseLinearModel] Epoch 50 (2448.30s)	Avg. loss = 0.009796	Dev acc. = 49.30%
[SparseLinearModel] Training done (2448.30s)
[SparseLinearModel] Test set unknown token percentage: 0.00%
[SparseLinearModel] Accuracy: 49.30%
[SparseLinearModel] dim=300 lr=0.01 l2=0.0001 ngram=2
[SparseLinearModel] Building model
[SparseLinearModel] Training model
[SparseLinearModel] #examples=5000  #epochs=50  batch size=256
[SparseLinearModel] Found dev set for training eval
[SparseLinearModel] Epoch 1 (98.65s)	Avg. loss = 0.503602	Dev acc. = 85.40%
[SparseLinearModel] Epoch 5 (421.46s)	Avg. loss = 0.004957	Dev acc. = 89.30%
[SparseLinearModel] Epoch 10 (838.03s)	Avg. loss = 0.002532	Dev acc. = 89.20%
[SparseLinearModel] Epoch 15 (1229.16s)	Avg. loss = 0.001708	Dev acc. = 89.30%
[SparseLinearModel] Epoch 20 (1611.04s)	Avg. loss = 0.001314	Dev acc. = 89.30%
[SparseLinearModel] Epoch 25 (1993.51s)	Avg. loss = 0.001091	Dev acc. = 89.30%
[SparseLinearModel] Epoch 30 (2371.63s)	Avg. loss = 0.000952	Dev acc. = 89.40%
[SparseLinearModel] Epoch 35 (2745.38s)	Avg. loss = 0.000859	Dev acc. = 89.40%
[SparseLinearModel] Epoch 40 (3109.68s)	Avg. loss = 0.000794	Dev acc. = 89.60%
[SparseLinearModel] Epoch 45 (3484.15s)	Avg. loss = 0.000746	Dev acc. = 89.70%
[SparseLinearModel] Epoch 50 (3853.47s)	Avg. loss = 0.000709	Dev acc. = 89.60%
[SparseLinearModel] Training done (3853.47s)
   l2_penalty     lr loss_function  n_epochs  Accuracy
2     0.00010  0.010           log        50     0.896
6     0.00001  0.001           log        50     0.885
3     0.10000  0.001           log        50     0.884
0     0.00100  0.005         hinge        50     0.864
4     0.00001  0.010         hinge        50     0.836
5     0.00001  0.050         hinge        50     0.722
1     1.00000  0.100         hinge        50     0.647
7    10.00000  0.100         hinge        50     0.493
[SparseLinearModel] Test set unknown token percentage: 0.00%
[SparseLinearModel] Accuracy: 88.12%
