W tensorflow/core/platform/cpu_feature_guard.cc:45] The TensorFlow library wasn't compiled to use SSE3 instructions, but these are available on your machine and could speed up CPU computations.
W tensorflow/core/platform/cpu_feature_guard.cc:45] The TensorFlow library wasn't compiled to use SSE4.1 instructions, but these are available on your machine and could speed up CPU computations.
W tensorflow/core/platform/cpu_feature_guard.cc:45] The TensorFlow library wasn't compiled to use SSE4.2 instructions, but these are available on your machine and could speed up CPU computations.
W tensorflow/core/platform/cpu_feature_guard.cc:45] The TensorFlow library wasn't compiled to use AVX instructions, but these are available on your machine and could speed up CPU computations.
W tensorflow/core/platform/cpu_feature_guard.cc:45] The TensorFlow library wasn't compiled to use AVX2 instructions, but these are available on your machine and could speed up CPU computations.
W tensorflow/core/platform/cpu_feature_guard.cc:45] The TensorFlow library wasn't compiled to use FMA instructions, but these are available on your machine and could speed up CPU computations.
Initialized RandomSearch of size 8 / 1
================================================================================
[1] Testing l2_penalty = 0.1, lr = 0.01, loss_function = log, n_epochs = 50
================================================================================
[TTBBTuneExact] dim=300 lr=0.01 l2=0.1 ngram=2
[TTBBTuneExact] Building model
[TTBBTuneExact] Training model
[TTBBTuneExact] #examples=5000  #epochs=50  batch size=256
[TTBBTuneExact] Found dev set for training eval
[TTBBTuneExact] Epoch 1 (82.76s)	Avg. loss = 0.695273	Dev acc. = 49.50%
[TTBBTuneExact] Epoch 5 (388.80s)	Avg. loss = 0.697224	Dev acc. = 47.30%
[TTBBTuneExact] Epoch 10 (753.34s)	Avg. loss = 0.690256	Dev acc. = 44.20%
[TTBBTuneExact] Epoch 15 (1114.82s)	Avg. loss = 0.695045	Dev acc. = 49.80%
[TTBBTuneExact] Epoch 20 (1464.90s)	Avg. loss = 0.693083	Dev acc. = 54.00%
[TTBBTuneExact] Epoch 25 (1823.40s)	Avg. loss = 0.697999	Dev acc. = 48.40%
[TTBBTuneExact] Epoch 30 (2191.23s)	Avg. loss = 0.694237	Dev acc. = 48.50%
[TTBBTuneExact] Epoch 35 (2554.44s)	Avg. loss = 0.693219	Dev acc. = 48.90%
[TTBBTuneExact] Epoch 40 (2917.04s)	Avg. loss = 0.693942	Dev acc. = 48.10%
[TTBBTuneExact] Epoch 45 (3279.67s)	Avg. loss = 0.695010	Dev acc. = 50.00%
[TTBBTuneExact] Epoch 50 (3612.14s)	Avg. loss = 0.694278	Dev acc. = 47.80%
[TTBBTuneExact] Training done (3612.14s)
[TTBBTuneExact] Test set unknown token percentage: 0.00%
[TTBBTuneExact] Accuracy: 47.80%
================================================================================
[2] Testing l2_penalty = 0.001, lr = 0.1, loss_function = hinge, n_epochs = 50
================================================================================
[TTBBTuneExact] dim=300 lr=0.1 l2=0.001 ngram=2
[TTBBTuneExact] Building model
[TTBBTuneExact] Training model
[TTBBTuneExact] #examples=5000  #epochs=50  batch size=256
[TTBBTuneExact] Found dev set for training eval
[TTBBTuneExact] Epoch 1 (66.44s)	Avg. loss = 0.003926	Dev acc. = 52.80%
[TTBBTuneExact] Epoch 5 (272.98s)	Avg. loss = 0.004357	Dev acc. = 48.80%
[TTBBTuneExact] Epoch 10 (535.39s)	Avg. loss = 0.004779	Dev acc. = 49.10%
[TTBBTuneExact] Epoch 15 (809.16s)	Avg. loss = 0.003946	Dev acc. = 45.00%
[TTBBTuneExact] Epoch 20 (1056.22s)	Avg. loss = 0.004123	Dev acc. = 51.00%
[TTBBTuneExact] Epoch 25 (1339.29s)	Avg. loss = 0.004121	Dev acc. = 49.30%
[TTBBTuneExact] Epoch 30 (1604.10s)	Avg. loss = 0.004109	Dev acc. = 48.70%
[TTBBTuneExact] Epoch 35 (1837.04s)	Avg. loss = 0.004016	Dev acc. = 50.70%
[TTBBTuneExact] Epoch 40 (2097.51s)	Avg. loss = 0.003976	Dev acc. = 50.50%
[TTBBTuneExact] Epoch 45 (2358.14s)	Avg. loss = 0.003986	Dev acc. = 50.60%
[TTBBTuneExact] Epoch 50 (2609.06s)	Avg. loss = 0.004032	Dev acc. = 50.30%
[TTBBTuneExact] Training done (2609.06s)
[TTBBTuneExact] Test set unknown token percentage: 0.00%
[TTBBTuneExact] Accuracy: 50.30%
================================================================================
[3] Testing l2_penalty = 0.1, lr = 0.01, loss_function = hinge, n_epochs = 50
================================================================================
[TTBBTuneExact] dim=300 lr=0.01 l2=0.1 ngram=2
[TTBBTuneExact] Building model
[TTBBTuneExact] Training model
[TTBBTuneExact] #examples=5000  #epochs=50  batch size=256
[TTBBTuneExact] Found dev set for training eval
[TTBBTuneExact] Epoch 1 (62.97s)	Avg. loss = 0.004168	Dev acc. = 49.50%
[TTBBTuneExact] Epoch 5 (274.13s)	Avg. loss = 0.003995	Dev acc. = 50.50%
[TTBBTuneExact] Epoch 10 (537.15s)	Avg. loss = 0.003972	Dev acc. = 50.50%
[TTBBTuneExact] Epoch 15 (790.10s)	Avg. loss = 0.003950	Dev acc. = 50.50%
[TTBBTuneExact] Epoch 20 (970.70s)	Avg. loss = 0.003929	Dev acc. = 50.50%
[TTBBTuneExact] Epoch 25 (1141.09s)	Avg. loss = 0.003928	Dev acc. = 50.50%
[TTBBTuneExact] Epoch 30 (1315.39s)	Avg. loss = 0.003928	Dev acc. = 50.50%
[TTBBTuneExact] Epoch 35 (1498.47s)	Avg. loss = 0.003928	Dev acc. = 50.50%
[TTBBTuneExact] Epoch 40 (1691.79s)	Avg. loss = 0.003929	Dev acc. = 50.50%
[TTBBTuneExact] Epoch 45 (1920.97s)	Avg. loss = 0.003928	Dev acc. = 50.50%
[TTBBTuneExact] Epoch 50 (2154.08s)	Avg. loss = 0.003928	Dev acc. = 50.50%
[TTBBTuneExact] Training done (2154.08s)
[TTBBTuneExact] Test set unknown token percentage: 0.00%
[TTBBTuneExact] Accuracy: 50.50%
================================================================================
[4] Testing l2_penalty = 0.1, lr = 0.05, loss_function = hinge, n_epochs = 50
================================================================================
[TTBBTuneExact] dim=300 lr=0.05 l2=0.1 ngram=2
[TTBBTuneExact] Building model
[TTBBTuneExact] Training model
[TTBBTuneExact] #examples=5000  #epochs=50  batch size=256
[TTBBTuneExact] Found dev set for training eval
[TTBBTuneExact] Epoch 1 (59.58s)	Avg. loss = 0.004075	Dev acc. = 50.50%
[TTBBTuneExact] Epoch 5 (258.01s)	Avg. loss = 0.003949	Dev acc. = 50.50%
[TTBBTuneExact] Epoch 10 (520.60s)	Avg. loss = 0.003944	Dev acc. = 50.50%
[TTBBTuneExact] Epoch 15 (796.06s)	Avg. loss = 0.003942	Dev acc. = 50.50%
[TTBBTuneExact] Epoch 20 (1064.57s)	Avg. loss = 0.003940	Dev acc. = 50.50%
[TTBBTuneExact] Epoch 25 (1352.97s)	Avg. loss = 0.003942	Dev acc. = 50.50%
[TTBBTuneExact] Epoch 30 (1638.52s)	Avg. loss = 0.003951	Dev acc. = 50.50%
[TTBBTuneExact] Epoch 35 (1941.04s)	Avg. loss = 0.003953	Dev acc. = 50.50%
[TTBBTuneExact] Epoch 40 (2243.93s)	Avg. loss = 0.003954	Dev acc. = 50.50%
[TTBBTuneExact] Epoch 45 (2546.73s)	Avg. loss = 0.003949	Dev acc. = 50.50%
[TTBBTuneExact] Epoch 50 (2845.84s)	Avg. loss = 0.003946	Dev acc. = 50.50%
[TTBBTuneExact] Training done (2845.84s)
[TTBBTuneExact] Test set unknown token percentage: 0.00%
[TTBBTuneExact] Accuracy: 50.50%
================================================================================
[5] Testing l2_penalty = 1e-05, lr = 0.1, loss_function = hinge, n_epochs = 50
================================================================================
[TTBBTuneExact] dim=300 lr=0.1 l2=1e-05 ngram=2
[TTBBTuneExact] Building model
[TTBBTuneExact] Training model
[TTBBTuneExact] #examples=5000  #epochs=50  batch size=256
[TTBBTuneExact] Found dev set for training eval
[TTBBTuneExact] Epoch 1 (72.89s)	Avg. loss = 0.003878	Dev acc. = 52.00%
[TTBBTuneExact] Epoch 5 (331.99s)	Avg. loss = 0.004094	Dev acc. = 47.00%
[TTBBTuneExact] Epoch 10 (633.32s)	Avg. loss = 0.005155	Dev acc. = 51.00%
[TTBBTuneExact] Epoch 15 (907.59s)	Avg. loss = 0.005421	Dev acc. = 47.70%
[TTBBTuneExact] Epoch 20 (1089.34s)	Avg. loss = 0.004602	Dev acc. = 51.30%
[TTBBTuneExact] Epoch 25 (1300.07s)	Avg. loss = 0.004095	Dev acc. = 53.00%
[TTBBTuneExact] Epoch 30 (1533.44s)	Avg. loss = 0.003994	Dev acc. = 47.60%
[TTBBTuneExact] Epoch 35 (1749.35s)	Avg. loss = 0.004193	Dev acc. = 48.80%
[TTBBTuneExact] Epoch 40 (1991.42s)	Avg. loss = 0.004143	Dev acc. = 50.90%
[TTBBTuneExact] Epoch 45 (2238.78s)	Avg. loss = 0.004163	Dev acc. = 48.90%
[TTBBTuneExact] Epoch 50 (2493.12s)	Avg. loss = 0.004222	Dev acc. = 44.60%
[TTBBTuneExact] Training done (2493.12s)
[TTBBTuneExact] Test set unknown token percentage: 0.00%
[TTBBTuneExact] Accuracy: 44.60%
================================================================================
[6] Testing l2_penalty = 0.01, lr = 0.1, loss_function = log, n_epochs = 50
================================================================================
[TTBBTuneExact] dim=300 lr=0.1 l2=0.01 ngram=2
[TTBBTuneExact] Building model
[TTBBTuneExact] Training model
[TTBBTuneExact] #examples=5000  #epochs=50  batch size=256
[TTBBTuneExact] Found dev set for training eval
[TTBBTuneExact] Epoch 1 (66.86s)	Avg. loss = 0.690091	Dev acc. = 51.20%
[TTBBTuneExact] Epoch 5 (263.30s)	Avg. loss = 0.691092	Dev acc. = 50.80%
[TTBBTuneExact] Epoch 10 (551.45s)	Avg. loss = 0.829685	Dev acc. = 54.60%
[TTBBTuneExact] Epoch 15 (865.96s)	Avg. loss = 0.750149	Dev acc. = 48.90%
[TTBBTuneExact] Epoch 20 (982.91s)	Avg. loss = 0.750468	Dev acc. = 47.10%
[TTBBTuneExact] Epoch 25 (1069.78s)	Avg. loss = 0.697300	Dev acc. = 49.70%
[TTBBTuneExact] Epoch 30 (1160.55s)	Avg. loss = 0.697451	Dev acc. = 51.40%
[TTBBTuneExact] Epoch 35 (1255.58s)	Avg. loss = 0.719953	Dev acc. = 50.40%
[TTBBTuneExact] Epoch 40 (1346.05s)	Avg. loss = 1.210714	Dev acc. = 49.20%
[TTBBTuneExact] Epoch 45 (1439.70s)	Avg. loss = 1.297204	Dev acc. = 52.30%
[TTBBTuneExact] Epoch 50 (1535.76s)	Avg. loss = 1.237765	Dev acc. = 52.20%
[TTBBTuneExact] Training done (1535.76s)
[TTBBTuneExact] Test set unknown token percentage: 0.00%
[TTBBTuneExact] Accuracy: 52.20%
================================================================================
[7] Testing l2_penalty = 1.0, lr = 0.1, loss_function = hinge, n_epochs = 50
================================================================================
[TTBBTuneExact] dim=300 lr=0.1 l2=1.0 ngram=2
[TTBBTuneExact] Building model
[TTBBTuneExact] Training model
[TTBBTuneExact] #examples=5000  #epochs=50  batch size=256
[TTBBTuneExact] Found dev set for training eval
[TTBBTuneExact] Epoch 1 (20.02s)	Avg. loss = 0.005115	Dev acc. = 50.50%
[TTBBTuneExact] Epoch 5 (100.50s)	Avg. loss = 0.003966	Dev acc. = 50.50%
[TTBBTuneExact] Epoch 10 (211.69s)	Avg. loss = 0.003953	Dev acc. = 50.50%
[TTBBTuneExact] Epoch 15 (328.33s)	Avg. loss = 0.003948	Dev acc. = 50.50%
[TTBBTuneExact] Epoch 20 (441.95s)	Avg. loss = 0.003938	Dev acc. = 50.50%
[TTBBTuneExact] Epoch 25 (563.69s)	Avg. loss = 0.003942	Dev acc. = 50.50%
[TTBBTuneExact] Epoch 30 (700.88s)	Avg. loss = 0.003972	Dev acc. = 50.50%
[TTBBTuneExact] Epoch 35 (815.11s)	Avg. loss = 0.003969	Dev acc. = 50.50%
[TTBBTuneExact] Epoch 40 (942.73s)	Avg. loss = 0.003966	Dev acc. = 50.50%
[TTBBTuneExact] Epoch 45 (1071.07s)	Avg. loss = 0.003955	Dev acc. = 50.50%
[TTBBTuneExact] Epoch 50 (1206.65s)	Avg. loss = 0.003977	Dev acc. = 50.50%
[TTBBTuneExact] Training done (1206.65s)
[TTBBTuneExact] Test set unknown token percentage: 0.00%
[TTBBTuneExact] Accuracy: 50.50%
================================================================================
[8] Testing l2_penalty = 1e-05, lr = 0.005, loss_function = log, n_epochs = 50
================================================================================
[TTBBTuneExact] dim=300 lr=0.005 l2=1e-05 ngram=2
[TTBBTuneExact] Building model
[TTBBTuneExact] Training model
[TTBBTuneExact] #examples=5000  #epochs=50  batch size=256
[TTBBTuneExact] Found dev set for training eval
[TTBBTuneExact] Epoch 1 (47.94s)	Avg. loss = 0.696131	Dev acc. = 49.50%
[TTBBTuneExact] Epoch 5 (198.18s)	Avg. loss = 0.692923	Dev acc. = 49.40%
[TTBBTuneExact] Epoch 10 (392.48s)	Avg. loss = 0.692959	Dev acc. = 46.40%
[TTBBTuneExact] Epoch 15 (582.29s)	Avg. loss = 0.693297	Dev acc. = 50.50%
[TTBBTuneExact] Epoch 20 (748.53s)	Avg. loss = 0.693527	Dev acc. = 50.50%
[TTBBTuneExact] Epoch 25 (951.66s)	Avg. loss = 0.693150	Dev acc. = 50.50%
[TTBBTuneExact] Epoch 30 (1190.34s)	Avg. loss = 0.693125	Dev acc. = 50.50%
[TTBBTuneExact] Epoch 35 (1418.02s)	Avg. loss = 0.693390	Dev acc. = 50.50%
[TTBBTuneExact] Epoch 40 (1525.18s)	Avg. loss = 0.693295	Dev acc. = 50.50%
[TTBBTuneExact] Epoch 45 (1635.82s)	Avg. loss = 0.693111	Dev acc. = 50.50%
[TTBBTuneExact] Epoch 50 (1725.03s)	Avg. loss = 0.693158	Dev acc. = 50.50%
[TTBBTuneExact] Training done (1725.03s)
[TTBBTuneExact] Test set unknown token percentage: 0.00%
[TTBBTuneExact] Accuracy: 50.50%
[TTBBTuneExact] dim=300 lr=0.1 l2=0.01 ngram=2
[TTBBTuneExact] Building model
[TTBBTuneExact] Training model
[TTBBTuneExact] #examples=5000  #epochs=50  batch size=256
[TTBBTuneExact] Found dev set for training eval
[TTBBTuneExact] Epoch 1 (32.25s)	Avg. loss = 0.690091	Dev acc. = 51.20%
[TTBBTuneExact] Epoch 5 (117.98s)	Avg. loss = 0.691092	Dev acc. = 50.80%
[TTBBTuneExact] Epoch 10 (226.64s)	Avg. loss = 0.829685	Dev acc. = 54.60%
[TTBBTuneExact] Epoch 15 (335.03s)	Avg. loss = 0.750149	Dev acc. = 48.90%
[TTBBTuneExact] Epoch 20 (443.90s)	Avg. loss = 0.750468	Dev acc. = 47.10%
[TTBBTuneExact] Epoch 25 (535.36s)	Avg. loss = 0.697300	Dev acc. = 49.70%
[TTBBTuneExact] Epoch 30 (612.49s)	Avg. loss = 0.697451	Dev acc. = 51.40%
[TTBBTuneExact] Epoch 35 (696.29s)	Avg. loss = 0.719953	Dev acc. = 50.40%
[TTBBTuneExact] Epoch 40 (771.66s)	Avg. loss = 1.210714	Dev acc. = 49.20%
[TTBBTuneExact] Epoch 45 (820.07s)	Avg. loss = 1.297204	Dev acc. = 52.30%
[TTBBTuneExact] Epoch 50 (874.38s)	Avg. loss = 1.237765	Dev acc. = 52.20%
[TTBBTuneExact] Training done (874.38s)
   l2_penalty     lr loss_function  n_epochs  Accuracy
5     0.01000  0.100           log        50     0.522
2     0.10000  0.010         hinge        50     0.505
3     0.10000  0.050         hinge        50     0.505
6     1.00000  0.100         hinge        50     0.505
7     0.00001  0.005           log        50     0.505
1     0.00100  0.100         hinge        50     0.503
0     0.10000  0.010           log        50     0.478
4     0.00001  0.100         hinge        50     0.446
[TTBBTuneExact] Test set unknown token percentage: 0.00%
[TTBBTuneExact] Accuracy: 52.75%
