W tensorflow/core/platform/cpu_feature_guard.cc:45] The TensorFlow library wasn't compiled to use SSE3 instructions, but these are available on your machine and could speed up CPU computations.
W tensorflow/core/platform/cpu_feature_guard.cc:45] The TensorFlow library wasn't compiled to use SSE4.1 instructions, but these are available on your machine and could speed up CPU computations.
W tensorflow/core/platform/cpu_feature_guard.cc:45] The TensorFlow library wasn't compiled to use SSE4.2 instructions, but these are available on your machine and could speed up CPU computations.
W tensorflow/core/platform/cpu_feature_guard.cc:45] The TensorFlow library wasn't compiled to use AVX instructions, but these are available on your machine and could speed up CPU computations.
W tensorflow/core/platform/cpu_feature_guard.cc:45] The TensorFlow library wasn't compiled to use AVX2 instructions, but these are available on your machine and could speed up CPU computations.
W tensorflow/core/platform/cpu_feature_guard.cc:45] The TensorFlow library wasn't compiled to use FMA instructions, but these are available on your machine and could speed up CPU computations.
Initialized RandomSearch of size 8 / 1
================================================================================
[1] Testing l2_penalty = 0.0001, lr = 0.05, loss_function = log, n_epochs = 50
================================================================================
[TTBBTuneExact] dim=300 lr=0.05 l2=0.0001 ngram=2
[TTBBTuneExact] Building model
[TTBBTuneExact] Training model
[TTBBTuneExact] #examples=5000  #epochs=50  batch size=256
[TTBBTuneExact] Found dev set for training eval
[TTBBTuneExact] Epoch 1 (166.30s)	Avg. loss = 0.687952	Dev acc. = 57.00%
[TTBBTuneExact] Epoch 5 (592.77s)	Avg. loss = 0.700010	Dev acc. = 45.90%
[TTBBTuneExact] Epoch 10 (1107.50s)	Avg. loss = 0.730430	Dev acc. = 51.50%
[TTBBTuneExact] Epoch 15 (1608.92s)	Avg. loss = 1.411508	Dev acc. = 53.80%
[TTBBTuneExact] Epoch 20 (2141.48s)	Avg. loss = 0.706197	Dev acc. = 50.40%
[TTBBTuneExact] Epoch 25 (2671.48s)	Avg. loss = 0.694293	Dev acc. = 51.70%
[TTBBTuneExact] Epoch 30 (3189.52s)	Avg. loss = 0.691525	Dev acc. = 50.90%
[TTBBTuneExact] Epoch 35 (3649.44s)	Avg. loss = 0.718150	Dev acc. = 60.70%
[TTBBTuneExact] Epoch 40 (4121.32s)	Avg. loss = 1.049056	Dev acc. = 50.20%
[TTBBTuneExact] Epoch 45 (4585.03s)	Avg. loss = 0.749596	Dev acc. = 51.10%
[TTBBTuneExact] Epoch 50 (5063.92s)	Avg. loss = 0.712435	Dev acc. = 53.30%
[TTBBTuneExact] Training done (5063.92s)
[TTBBTuneExact] Test set unknown token percentage: 0.00%
[TTBBTuneExact] Accuracy: 53.30%
================================================================================
[2] Testing l2_penalty = 10.0, lr = 0.001, loss_function = hinge, n_epochs = 50
================================================================================
[TTBBTuneExact] dim=300 lr=0.001 l2=10.0 ngram=2
[TTBBTuneExact] Building model
[TTBBTuneExact] Training model
[TTBBTuneExact] #examples=5000  #epochs=50  batch size=256
[TTBBTuneExact] Found dev set for training eval
[TTBBTuneExact] Epoch 1 (109.04s)	Avg. loss = 0.050631	Dev acc. = 50.80%
[TTBBTuneExact] Epoch 5 (460.18s)	Avg. loss = 0.015486	Dev acc. = 50.80%
[TTBBTuneExact] Epoch 10 (937.48s)	Avg. loss = 0.006085	Dev acc. = 50.80%
[TTBBTuneExact] Epoch 15 (1401.21s)	Avg. loss = 0.004354	Dev acc. = 50.80%
[TTBBTuneExact] Epoch 20 (1889.20s)	Avg. loss = 0.004055	Dev acc. = 50.80%
[TTBBTuneExact] Epoch 25 (2250.84s)	Avg. loss = 0.004002	Dev acc. = 50.80%
[TTBBTuneExact] Epoch 30 (2624.76s)	Avg. loss = 0.003992	Dev acc. = 50.80%
[TTBBTuneExact] Epoch 35 (3021.74s)	Avg. loss = 0.003990	Dev acc. = 50.80%
[TTBBTuneExact] Epoch 40 (3433.70s)	Avg. loss = 0.003989	Dev acc. = 50.80%
[TTBBTuneExact] Epoch 45 (3866.32s)	Avg. loss = 0.003988	Dev acc. = 50.80%
[TTBBTuneExact] Epoch 50 (4305.80s)	Avg. loss = 0.003988	Dev acc. = 50.80%
[TTBBTuneExact] Training done (4305.80s)
[TTBBTuneExact] Test set unknown token percentage: 0.00%
[TTBBTuneExact] Accuracy: 50.80%
================================================================================
[3] Testing l2_penalty = 0.1, lr = 0.05, loss_function = log, n_epochs = 50
================================================================================
[TTBBTuneExact] dim=300 lr=0.05 l2=0.1 ngram=2
[TTBBTuneExact] Building model
[TTBBTuneExact] Training model
[TTBBTuneExact] #examples=5000  #epochs=50  batch size=256
[TTBBTuneExact] Found dev set for training eval
[TTBBTuneExact] Epoch 1 (125.12s)	Avg. loss = 0.691384	Dev acc. = 57.40%
[TTBBTuneExact] Epoch 5 (499.44s)	Avg. loss = 0.701413	Dev acc. = 47.00%
[TTBBTuneExact] Epoch 10 (980.48s)	Avg. loss = 0.789413	Dev acc. = 50.00%
[TTBBTuneExact] Epoch 15 (1459.05s)	Avg. loss = 0.694778	Dev acc. = 53.00%
[TTBBTuneExact] Epoch 20 (1930.48s)	Avg. loss = 0.703539	Dev acc. = 56.80%
[TTBBTuneExact] Epoch 25 (2413.49s)	Avg. loss = 1.073179	Dev acc. = 52.10%
[TTBBTuneExact] Epoch 30 (2810.35s)	Avg. loss = 0.827919	Dev acc. = 50.20%
[TTBBTuneExact] Epoch 35 (3187.60s)	Avg. loss = 0.694089	Dev acc. = 54.40%
[TTBBTuneExact] Epoch 40 (3644.81s)	Avg. loss = 0.692813	Dev acc. = 51.70%
[TTBBTuneExact] Epoch 45 (4104.90s)	Avg. loss = 0.693751	Dev acc. = 53.20%
[TTBBTuneExact] Epoch 50 (4552.90s)	Avg. loss = 0.692744	Dev acc. = 54.20%
[TTBBTuneExact] Training done (4552.90s)
[TTBBTuneExact] Test set unknown token percentage: 0.00%
[TTBBTuneExact] Accuracy: 54.20%
================================================================================
[4] Testing l2_penalty = 0.001, lr = 0.05, loss_function = log, n_epochs = 50
================================================================================
[TTBBTuneExact] dim=300 lr=0.05 l2=0.001 ngram=2
[TTBBTuneExact] Building model
[TTBBTuneExact] Training model
[TTBBTuneExact] #examples=5000  #epochs=50  batch size=256
[TTBBTuneExact] Found dev set for training eval
[TTBBTuneExact] Epoch 1 (128.24s)	Avg. loss = 0.688023	Dev acc. = 56.80%
[TTBBTuneExact] Epoch 5 (500.13s)	Avg. loss = 0.700335	Dev acc. = 47.70%
[TTBBTuneExact] Epoch 10 (690.25s)	Avg. loss = 0.727360	Dev acc. = 53.20%
[TTBBTuneExact] Epoch 15 (814.19s)	Avg. loss = 0.772757	Dev acc. = 54.50%
[TTBBTuneExact] Epoch 20 (942.00s)	Avg. loss = 0.718318	Dev acc. = 52.20%
[TTBBTuneExact] Epoch 25 (1078.39s)	Avg. loss = 0.706222	Dev acc. = 52.60%
[TTBBTuneExact] Epoch 30 (1219.70s)	Avg. loss = 1.057297	Dev acc. = 54.00%
[TTBBTuneExact] Epoch 35 (1357.69s)	Avg. loss = 0.717880	Dev acc. = 50.50%
[TTBBTuneExact] Epoch 40 (1528.84s)	Avg. loss = 0.693464	Dev acc. = 50.40%
[TTBBTuneExact] Epoch 45 (1707.03s)	Avg. loss = 0.695956	Dev acc. = 53.10%
[TTBBTuneExact] Epoch 50 (1911.11s)	Avg. loss = 0.687146	Dev acc. = 56.00%
[TTBBTuneExact] Training done (1911.11s)
[TTBBTuneExact] Test set unknown token percentage: 0.00%
[TTBBTuneExact] Accuracy: 56.00%
================================================================================
[5] Testing l2_penalty = 0.1, lr = 0.001, loss_function = hinge, n_epochs = 50
================================================================================
[TTBBTuneExact] dim=300 lr=0.001 l2=0.1 ngram=2
[TTBBTuneExact] Building model
[TTBBTuneExact] Training model
[TTBBTuneExact] #examples=5000  #epochs=50  batch size=256
[TTBBTuneExact] Found dev set for training eval
[TTBBTuneExact] Epoch 1 (45.96s)	Avg. loss = 0.004447	Dev acc. = 50.80%
[TTBBTuneExact] Epoch 5 (179.45s)	Avg. loss = 0.004107	Dev acc. = 50.80%
[TTBBTuneExact] Epoch 10 (344.70s)	Avg. loss = 0.004013	Dev acc. = 50.80%
[TTBBTuneExact] Epoch 15 (525.16s)	Avg. loss = 0.003995	Dev acc. = 50.80%
[TTBBTuneExact] Epoch 20 (776.08s)	Avg. loss = 0.003992	Dev acc. = 50.80%
[TTBBTuneExact] Epoch 25 (1013.68s)	Avg. loss = 0.003991	Dev acc. = 50.80%
[TTBBTuneExact] Epoch 30 (1238.62s)	Avg. loss = 0.003990	Dev acc. = 50.80%
[TTBBTuneExact] Epoch 35 (1500.29s)	Avg. loss = 0.003989	Dev acc. = 50.80%
[TTBBTuneExact] Epoch 40 (1797.90s)	Avg. loss = 0.003989	Dev acc. = 50.80%
[TTBBTuneExact] Epoch 45 (1999.78s)	Avg. loss = 0.003988	Dev acc. = 50.80%
[TTBBTuneExact] Epoch 50 (2150.35s)	Avg. loss = 0.003988	Dev acc. = 50.80%
[TTBBTuneExact] Training done (2150.35s)
[TTBBTuneExact] Test set unknown token percentage: 0.00%
[TTBBTuneExact] Accuracy: 50.80%
================================================================================
[6] Testing l2_penalty = 0.01, lr = 0.001, loss_function = hinge, n_epochs = 50
================================================================================
[TTBBTuneExact] dim=300 lr=0.001 l2=0.01 ngram=2
[TTBBTuneExact] Building model
[TTBBTuneExact] Training model
[TTBBTuneExact] #examples=5000  #epochs=50  batch size=256
[TTBBTuneExact] Found dev set for training eval
[TTBBTuneExact] Epoch 1 (39.29s)	Avg. loss = 0.004027	Dev acc. = 50.80%
[TTBBTuneExact] Epoch 5 (157.14s)	Avg. loss = 0.004006	Dev acc. = 50.80%
[TTBBTuneExact] Epoch 10 (305.33s)	Avg. loss = 0.003995	Dev acc. = 50.80%
[TTBBTuneExact] Epoch 15 (455.51s)	Avg. loss = 0.003992	Dev acc. = 50.80%
[TTBBTuneExact] Epoch 20 (593.55s)	Avg. loss = 0.003991	Dev acc. = 50.80%
[TTBBTuneExact] Epoch 25 (702.28s)	Avg. loss = 0.003991	Dev acc. = 50.80%
[TTBBTuneExact] Epoch 30 (817.25s)	Avg. loss = 0.003990	Dev acc. = 50.80%
[TTBBTuneExact] Epoch 35 (892.25s)	Avg. loss = 0.003989	Dev acc. = 50.80%
[TTBBTuneExact] Epoch 40 (963.53s)	Avg. loss = 0.003989	Dev acc. = 50.80%
[TTBBTuneExact] Epoch 45 (1016.18s)	Avg. loss = 0.003988	Dev acc. = 50.80%
[TTBBTuneExact] Epoch 50 (1069.70s)	Avg. loss = 0.003988	Dev acc. = 50.80%
[TTBBTuneExact] Training done (1069.70s)
[TTBBTuneExact] Test set unknown token percentage: 0.00%
[TTBBTuneExact] Accuracy: 50.80%
================================================================================
[7] Testing l2_penalty = 10.0, lr = 0.1, loss_function = log, n_epochs = 50
================================================================================
[TTBBTuneExact] dim=300 lr=0.1 l2=10.0 ngram=2
[TTBBTuneExact] Building model
[TTBBTuneExact] Training model
[TTBBTuneExact] #examples=5000  #epochs=50  batch size=256
[TTBBTuneExact] Found dev set for training eval
[TTBBTuneExact] Epoch 1 (17.21s)	Avg. loss = 0.700732	Dev acc. = 54.10%
[TTBBTuneExact] Epoch 5 (66.04s)	Avg. loss = 0.695443	Dev acc. = 50.90%
[TTBBTuneExact] Epoch 10 (126.65s)	Avg. loss = 0.699520	Dev acc. = 49.60%
[TTBBTuneExact] Epoch 15 (188.23s)	Avg. loss = 0.703491	Dev acc. = 52.50%
[TTBBTuneExact] Epoch 20 (249.54s)	Avg. loss = 0.710211	Dev acc. = 47.70%
[TTBBTuneExact] Epoch 25 (311.33s)	Avg. loss = 0.699331	Dev acc. = 49.70%
[TTBBTuneExact] Epoch 30 (373.80s)	Avg. loss = 0.701378	Dev acc. = 53.90%
[TTBBTuneExact] Epoch 35 (430.57s)	Avg. loss = 0.701373	Dev acc. = 50.80%
[TTBBTuneExact] Epoch 40 (500.29s)	Avg. loss = 0.702336	Dev acc. = 50.60%
[TTBBTuneExact] Epoch 45 (577.58s)	Avg. loss = 0.699304	Dev acc. = 49.90%
[TTBBTuneExact] Epoch 50 (654.97s)	Avg. loss = 0.698676	Dev acc. = 51.90%
[TTBBTuneExact] Training done (654.97s)
[TTBBTuneExact] Test set unknown token percentage: 0.00%
[TTBBTuneExact] Accuracy: 51.90%
================================================================================
[8] Testing l2_penalty = 0.0001, lr = 0.05, loss_function = hinge, n_epochs = 50
================================================================================
[TTBBTuneExact] dim=300 lr=0.05 l2=0.0001 ngram=2
[TTBBTuneExact] Building model
[TTBBTuneExact] Training model
[TTBBTuneExact] #examples=5000  #epochs=50  batch size=256
[TTBBTuneExact] Found dev set for training eval
[TTBBTuneExact] Epoch 1 (23.53s)	Avg. loss = 0.003948	Dev acc. = 52.10%
[TTBBTuneExact] Epoch 5 (89.14s)	Avg. loss = 0.004146	Dev acc. = 46.90%
[TTBBTuneExact] Epoch 10 (170.51s)	Avg. loss = 0.003879	Dev acc. = 47.30%
[TTBBTuneExact] Epoch 15 (248.15s)	Avg. loss = 0.003916	Dev acc. = 70.80%
[TTBBTuneExact] Epoch 20 (328.27s)	Avg. loss = 0.004811	Dev acc. = 63.10%
[TTBBTuneExact] Epoch 25 (409.23s)	Avg. loss = 0.004201	Dev acc. = 52.00%
[TTBBTuneExact] Epoch 30 (488.94s)	Avg. loss = 0.004269	Dev acc. = 49.70%
[TTBBTuneExact] Epoch 35 (557.03s)	Avg. loss = 0.004098	Dev acc. = 51.20%
[TTBBTuneExact] Epoch 40 (639.90s)	Avg. loss = 0.004126	Dev acc. = 48.00%
[TTBBTuneExact] Epoch 45 (725.01s)	Avg. loss = 0.004232	Dev acc. = 56.30%
[TTBBTuneExact] Epoch 50 (809.94s)	Avg. loss = 0.004314	Dev acc. = 55.00%
[TTBBTuneExact] Training done (809.94s)
[TTBBTuneExact] Test set unknown token percentage: 0.00%
[TTBBTuneExact] Accuracy: 55.00%
[TTBBTuneExact] dim=300 lr=0.05 l2=0.001 ngram=2
[TTBBTuneExact] Building model
[TTBBTuneExact] Training model
[TTBBTuneExact] #examples=5000  #epochs=50  batch size=256
[TTBBTuneExact] Found dev set for training eval
[TTBBTuneExact] Epoch 1 (24.98s)	Avg. loss = 0.688023	Dev acc. = 56.80%
[TTBBTuneExact] Epoch 5 (96.00s)	Avg. loss = 0.700335	Dev acc. = 47.70%
[TTBBTuneExact] Epoch 10 (179.39s)	Avg. loss = 0.727360	Dev acc. = 53.20%
[TTBBTuneExact] Epoch 15 (263.13s)	Avg. loss = 0.772757	Dev acc. = 54.50%
[TTBBTuneExact] Epoch 20 (347.06s)	Avg. loss = 0.718318	Dev acc. = 52.20%
[TTBBTuneExact] Epoch 25 (429.69s)	Avg. loss = 0.706222	Dev acc. = 52.60%
[TTBBTuneExact] Epoch 30 (512.98s)	Avg. loss = 1.057297	Dev acc. = 54.00%
[TTBBTuneExact] Epoch 35 (586.10s)	Avg. loss = 0.717880	Dev acc. = 50.50%
[TTBBTuneExact] Epoch 40 (641.28s)	Avg. loss = 0.693464	Dev acc. = 50.40%
[TTBBTuneExact] Epoch 45 (696.35s)	Avg. loss = 0.695956	Dev acc. = 53.10%
[TTBBTuneExact] Epoch 50 (739.78s)	Avg. loss = 0.687146	Dev acc. = 56.00%
[TTBBTuneExact] Training done (739.78s)
   l2_penalty     lr loss_function  n_epochs  Accuracy
3      0.0010  0.050           log        50     0.560
7      0.0001  0.050         hinge        50     0.550
2      0.1000  0.050           log        50     0.542
0      0.0001  0.050           log        50     0.533
6     10.0000  0.100           log        50     0.519
1     10.0000  0.001         hinge        50     0.508
4      0.1000  0.001         hinge        50     0.508
5      0.0100  0.001         hinge        50     0.508
[TTBBTuneExact] Test set unknown token percentage: 0.00%
[TTBBTuneExact] Accuracy: 53.08%
